Vivado Simulator 2019.2
Time resolution is 1 ps
 Block Memory Generator module loading initial data...
 Block Memory Generator data initialization complete.
Block Memory Generator module top_tb.ROM.ROM0.inst.native_mem_module.blk_mem_gen_v8_4_4_inst is using a behavioral model for simulation which will not precisely model memory collision behavior.
 Block Memory Generator module loading initial data...
 Block Memory Generator data initialization complete.
Block Memory Generator module top_tb.ROM.ROM1.inst.native_mem_module.blk_mem_gen_v8_4_4_inst is using a behavioral model for simulation which will not precisely model memory collision behavior.
 Block Memory Generator module loading initial data...
 Block Memory Generator data initialization complete.
Block Memory Generator module top_tb.ROM.ROM2.inst.native_mem_module.blk_mem_gen_v8_4_4_inst is using a behavioral model for simulation which will not precisely model memory collision behavior.
 Block Memory Generator module loading initial data...
 Block Memory Generator data initialization complete.
Block Memory Generator module top_tb.ROM.ROM3.inst.native_mem_module.blk_mem_gen_v8_4_4_inst is using a behavioral model for simulation which will not precisely model memory collision behavior.
Block Memory Generator module top_tb.bit_ext.RAM_bit_extensionl.RAM_word_extensionl.inst.native_mem_module.blk_mem_gen_v8_4_4_inst is using a behavioral model for simulation which will not precisely model memory collision behavior.
Block Memory Generator module top_tb.bit_ext.RAM_bit_extensionl.RAM_word_extension2.inst.native_mem_module.blk_mem_gen_v8_4_4_inst is using a behavioral model for simulation which will not precisely model memory collision behavior.
Block Memory Generator module top_tb.bit_ext.RAM_bit_extensionl.RAM_word_extension3.inst.native_mem_module.blk_mem_gen_v8_4_4_inst is using a behavioral model for simulation which will not precisely model memory collision behavior.
Block Memory Generator module top_tb.bit_ext.RAM_bit_extensionl.RAM_word_extension4.inst.native_mem_module.blk_mem_gen_v8_4_4_inst is using a behavioral model for simulation which will not precisely model memory collision behavior.
Block Memory Generator module top_tb.bit_ext.RAM_bit_extension2.RAM_word_extensionl.inst.native_mem_module.blk_mem_gen_v8_4_4_inst is using a behavioral model for simulation which will not precisely model memory collision behavior.
Block Memory Generator module top_tb.bit_ext.RAM_bit_extension2.RAM_word_extension2.inst.native_mem_module.blk_mem_gen_v8_4_4_inst is using a behavioral model for simulation which will not precisely model memory collision behavior.
Block Memory Generator module top_tb.bit_ext.RAM_bit_extension2.RAM_word_extension3.inst.native_mem_module.blk_mem_gen_v8_4_4_inst is using a behavioral model for simulation which will not precisely model memory collision behavior.
Block Memory Generator module top_tb.bit_ext.RAM_bit_extension2.RAM_word_extension4.inst.native_mem_module.blk_mem_gen_v8_4_4_inst is using a behavioral model for simulation which will not precisely model memory collision behavior.
Block Memory Generator module top_tb.bit_ext.RAM_bit_extension3.RAM_word_extensionl.inst.native_mem_module.blk_mem_gen_v8_4_4_inst is using a behavioral model for simulation which will not precisely model memory collision behavior.
Block Memory Generator module top_tb.bit_ext.RAM_bit_extension3.RAM_word_extension2.inst.native_mem_module.blk_mem_gen_v8_4_4_inst is using a behavioral model for simulation which will not precisely model memory collision behavior.
Block Memory Generator module top_tb.bit_ext.RAM_bit_extension3.RAM_word_extension3.inst.native_mem_module.blk_mem_gen_v8_4_4_inst is using a behavioral model for simulation which will not precisely model memory collision behavior.
Block Memory Generator module top_tb.bit_ext.RAM_bit_extension3.RAM_word_extension4.inst.native_mem_module.blk_mem_gen_v8_4_4_inst is using a behavioral model for simulation which will not precisely model memory collision behavior.
Block Memory Generator module top_tb.bit_ext.RAM_bit_extension4.RAM_word_extensionl.inst.native_mem_module.blk_mem_gen_v8_4_4_inst is using a behavioral model for simulation which will not precisely model memory collision behavior.
Block Memory Generator module top_tb.bit_ext.RAM_bit_extension4.RAM_word_extension2.inst.native_mem_module.blk_mem_gen_v8_4_4_inst is using a behavioral model for simulation which will not precisely model memory collision behavior.
Block Memory Generator module top_tb.bit_ext.RAM_bit_extension4.RAM_word_extension3.inst.native_mem_module.blk_mem_gen_v8_4_4_inst is using a behavioral model for simulation which will not precisely model memory collision behavior.
Block Memory Generator module top_tb.bit_ext.RAM_bit_extension4.RAM_word_extension4.inst.native_mem_module.blk_mem_gen_v8_4_4_inst is using a behavioral model for simulation which will not precisely model memory collision behavior.
