#-----------------------------------------------------------
# Vivado v2019.2 (64-bit)
# SW Build 2708876 on Wed Nov  6 21:40:23 MST 2019
# IP Build 2700528 on Thu Nov  7 00:09:20 MST 2019
# Start of session at: Thu May 16 20:45:05 2024
# Process ID: 4716
# Current directory: E:/project/display_2/display_1/display
# Command line: vivado.exe -gui_launcher_event rodinguilauncherevent2296 E:\project\display_2\display_1\display\display.xpr
# Log file: E:/project/display_2/display_1/display/vivado.log
# Journal file: E:/project/display_2/display_1/display\vivado.jou
#-----------------------------------------------------------
start_gui
open_project E:/project/display_2/display_1/display/display.xpr
Scanning sources...
Finished scanning sources
INFO: [IP_Flow 19-234] Refreshing IP repositories
INFO: [IP_Flow 19-1704] No user IP repositories specified
INFO: [IP_Flow 19-2313] Loaded Vivado IP repository 'E:/Xilinx/Vivado/2019.2/data/ip'.
open_project: Time (s): cpu = 00:00:09 ; elapsed = 00:00:13 . Memory (MB): peak = 912.480 ; gain = 221.891
launch_simulation
Command: launch_simulation 
INFO: [Vivado 12-5698] Checking validity of IPs in the design for the 'XSim' simulator...
INFO: [Vivado 12-5682] Launching behavioral simulation in 'E:/project/display_2/display_1/display/display.sim/sim_1/behav/xsim'
INFO: [Vivado 12-4795] Using compiled simulation libraries for IPs
INFO: [SIM-utils-51] Simulation object is 'sim_1'
INFO: [USF-XSim-7] Finding pre-compiled libraries...
INFO: [USF-XSim-11] File 'E:/Xilinx/Vivado/2019.2/data/xsim/xsim.ini' copied to run dir:'E:/project/display_2/display_1/display/display.sim/sim_1/behav/xsim'
INFO: [SIM-utils-54] Inspecting design source files for 'top_tb' in fileset 'sim_1'...
INFO: [USF-XSim-97] Finding global include files...
INFO: [USF-XSim-100] Fetching design files from 'sources_1'...(this may take a while)...
INFO: [USF-XSim-101] Fetching design files from 'sim_1'...
INFO: [USF-XSim-2] XSim::Compile design
INFO: [USF-XSim-61] Executing 'COMPILE and ANALYZE' step in 'E:/project/display_2/display_1/display/display.sim/sim_1/behav/xsim'
"xvlog --incr --relax -prj top_tb_vlog.prj"
INFO: [VRFC 10-2263] Analyzing Verilog file "E:/project/display_2/display_1/display/display.srcs/sources_1/new/define.vh" into library xil_defaultlib
INFO: [VRFC 10-2263] Analyzing Verilog file "E:/project/display_2/display_1/display/display.srcs/sources_1/ip/clk_wiz_0/clk_wiz_0_clk_wiz.v" into library xil_defaultlib
INFO: [VRFC 10-311] analyzing module clk_wiz_0_clk_wiz
INFO: [VRFC 10-2263] Analyzing Verilog file "E:/project/display_2/display_1/display/display.srcs/sources_1/ip/clk_wiz_0/clk_wiz_0.v" into library xil_defaultlib
INFO: [VRFC 10-311] analyzing module clk_wiz_0
INFO: [VRFC 10-2263] Analyzing SystemVerilog file "E:/project/display_2/display_1/display/display.srcs/sources_1/new/define.vh" into library xil_defaultlib
INFO: [VRFC 10-2263] Analyzing SystemVerilog file "E:/project/display_2/display_1/display/display.srcs/sim_1/new/display_tb.sv" into library xil_defaultlib
INFO: [VRFC 10-311] analyzing module top_tb
INFO: [VRFC 10-2458] undeclared symbol rst, assumed default net type wire [E:/project/display_2/display_1/display/display.srcs/sim_1/new/display_tb.sv:127]
INFO: [USF-XSim-69] 'compile' step finished in '3' seconds
INFO: [USF-XSim-3] XSim::Elaborate design
INFO: [USF-XSim-61] Executing 'ELABORATE' step in 'E:/project/display_2/display_1/display/display.sim/sim_1/behav/xsim'
"xelab -wto f0314a36ec034ca0a035eb88dff9bc85 --incr --debug typical --relax --mt 2 -L xil_defaultlib -L unisims_ver -L unimacro_ver -L secureip -L xpm --snapshot top_tb_behav xil_defaultlib.top_tb xil_defaultlib.glbl -log elaborate.log"
Vivado Simulator 2019.2
Copyright 1986-1999, 2001-2019 Xilinx, Inc. All Rights Reserved.
Running: E:/Xilinx/Vivado/2019.2/bin/unwrapped/win64.o/xelab.exe -wto f0314a36ec034ca0a035eb88dff9bc85 --incr --debug typical --relax --mt 2 -L xil_defaultlib -L unisims_ver -L unimacro_ver -L secureip -L xpm --snapshot top_tb_behav xil_defaultlib.top_tb xil_defaultlib.glbl -log elaborate.log 
Using 2 slave threads.
Starting static elaboration
Pass Through NonSizing Optimizer
Completed static elaboration
Starting simulation data flow analysis
Completed simulation data flow analysis
Time Resolution for simulation is 1ps
Compiling module xil_defaultlib.inst_dec
Compiling module xil_defaultlib.regfile
Compiling module xil_defaultlib.alu
Compiling module xil_defaultlib.seg7
Compiling module xil_defaultlib.display
Compiling module xil_defaultlib.top_tb
Compiling module xil_defaultlib.glbl
Built simulation snapshot top_tb_behav
INFO: [USF-XSim-69] 'elaborate' step finished in '4' seconds
INFO: [USF-XSim-4] XSim::Simulate design
INFO: [USF-XSim-61] Executing 'SIMULATE' step in 'E:/project/display_2/display_1/display/display.sim/sim_1/behav/xsim'
INFO: [USF-XSim-98] *** Running xsim
   with args "top_tb_behav -key {Behavioral:sim_1:Functional:top_tb} -tclbatch {top_tb.tcl} -log {simulate.log}"
INFO: [USF-XSim-8] Loading simulator feature
Vivado Simulator 2019.2
Time resolution is 1 ps
source top_tb.tcl
# set curr_wave [current_wave_config]
# if { [string length $curr_wave] == 0 } {
#   if { [llength [get_objects]] > 0} {
#     add_wave /
#     set_property needs_save false [current_wave_config]
#   } else {
#      send_msg_id Add_Wave-1 WARNING "No top level signals found. Simulator will start without a wave window. If you want to open a wave window go to 'File->New Waveform Configuration' or type 'create_wave_config' in the TCL console."
#   }
# }
# run 1000ns
$stop called at time : 600 ns : File "E:/project/display_2/display_1/display/display.srcs/sim_1/new/display_tb.sv" Line 48
xsim: Time (s): cpu = 00:00:06 ; elapsed = 00:00:06 . Memory (MB): peak = 1045.188 ; gain = 23.824
INFO: [USF-XSim-96] XSim completed. Design snapshot 'top_tb_behav' loaded.
INFO: [USF-XSim-97] XSim simulation ran for 1000ns
launch_simulation: Time (s): cpu = 00:00:07 ; elapsed = 00:00:16 . Memory (MB): peak = 1045.188 ; gain = 40.902
reset_run synth_1
WARNING: [Vivado 12-1017] Problems encountered:
1. Failed to delete one or more files in run directory E:/project/display_2/display_1/display/display.runs/synth_1

launch_runs synth_1 -jobs 8
[Thu May 16 20:59:41 2024] Launched synth_1...
Run output will be captured here: E:/project/display_2/display_1/display/display.runs/synth_1/runme.log
launch_runs impl_1 -jobs 8
[Thu May 16 21:02:06 2024] Launched impl_1...
Run output will be captured here: E:/project/display_2/display_1/display/display.runs/impl_1/runme.log
close_sim
INFO: [Simtcl 6-16] Simulation closed
launch_simulation
Command: launch_simulation 
boost::filesystem::remove: 另一个程序正在使用此文件，进程无法访问。: "E:/project/display_2/display_1/display/display.sim/sim_1/behav/xsim/simulate.log"
launch_simulation
Command: launch_simulation 
boost::filesystem::remove: 另一个程序正在使用此文件，进程无法访问。: "E:/project/display_2/display_1/display/display.sim/sim_1/behav/xsim/simulate.log"
launch_simulation
Command: launch_simulation 
boost::filesystem::remove: 另一个程序正在使用此文件，进程无法访问。: "E:/project/display_2/display_1/display/display.sim/sim_1/behav/xsim/simulate.log"
reset_run impl_1
launch_simulation
Command: launch_simulation 
INFO: [Vivado 12-5698] Checking validity of IPs in the design for the 'XSim' simulator...
INFO: [Vivado 12-5682] Launching behavioral simulation in 'E:/project/display_2/display_1/display/display.sim/sim_1/behav/xsim'
INFO: [Vivado 12-4795] Using compiled simulation libraries for IPs
INFO: [SIM-utils-51] Simulation object is 'sim_1'
INFO: [USF-XSim-7] Finding pre-compiled libraries...
INFO: [USF-XSim-11] File 'E:/Xilinx/Vivado/2019.2/data/xsim/xsim.ini' copied to run dir:'E:/project/display_2/display_1/display/display.sim/sim_1/behav/xsim'
INFO: [SIM-utils-54] Inspecting design source files for 'top_tb' in fileset 'sim_1'...
INFO: [USF-XSim-97] Finding global include files...
INFO: [USF-XSim-100] Fetching design files from 'sources_1'...(this may take a while)...
INFO: [USF-XSim-101] Fetching design files from 'sim_1'...
INFO: [USF-XSim-2] XSim::Compile design
INFO: [USF-XSim-61] Executing 'COMPILE and ANALYZE' step in 'E:/project/display_2/display_1/display/display.sim/sim_1/behav/xsim'
"xvlog --incr --relax -prj top_tb_vlog.prj"
INFO: [VRFC 10-2263] Analyzing Verilog file "E:/project/display_2/display_1/display/display.srcs/sources_1/new/define.vh" into library xil_defaultlib
INFO: [VRFC 10-2263] Analyzing Verilog file "E:/project/display_2/display_1/display/display.srcs/sources_1/ip/clk_wiz_0/clk_wiz_0_clk_wiz.v" into library xil_defaultlib
INFO: [VRFC 10-311] analyzing module clk_wiz_0_clk_wiz
INFO: [VRFC 10-2263] Analyzing Verilog file "E:/project/display_2/display_1/display/display.srcs/sources_1/ip/clk_wiz_0/clk_wiz_0.v" into library xil_defaultlib
INFO: [VRFC 10-311] analyzing module clk_wiz_0
INFO: [VRFC 10-2263] Analyzing SystemVerilog file "E:/project/display_2/display_1/display/display.srcs/sources_1/new/define.vh" into library xil_defaultlib
INFO: [VRFC 10-2263] Analyzing SystemVerilog file "E:/project/display_2/display_1/display/display.srcs/sources_1/new/inst_dec.sv" into library xil_defaultlib
INFO: [VRFC 10-311] analyzing module inst_dec
INFO: [VRFC 10-2263] Analyzing SystemVerilog file "E:/project/display_2/display_1/display/display.srcs/sources_1/new/regfile.sv" into library xil_defaultlib
INFO: [VRFC 10-311] analyzing module regfile
INFO: [VRFC 10-2263] Analyzing SystemVerilog file "E:/project/display_2/display_1/display/display.srcs/sim_1/new/display_tb.sv" into library xil_defaultlib
INFO: [VRFC 10-311] analyzing module top_tb
INFO: [VRFC 10-2458] undeclared symbol rst, assumed default net type wire [E:/project/display_2/display_1/display/display.srcs/sim_1/new/display_tb.sv:127]
INFO: [USF-XSim-69] 'compile' step finished in '3' seconds
INFO: [USF-XSim-3] XSim::Elaborate design
INFO: [USF-XSim-61] Executing 'ELABORATE' step in 'E:/project/display_2/display_1/display/display.sim/sim_1/behav/xsim'
"xelab -wto f0314a36ec034ca0a035eb88dff9bc85 --incr --debug typical --relax --mt 2 -L xil_defaultlib -L unisims_ver -L unimacro_ver -L secureip -L xpm --snapshot top_tb_behav xil_defaultlib.top_tb xil_defaultlib.glbl -log elaborate.log"
Vivado Simulator 2019.2
Copyright 1986-1999, 2001-2019 Xilinx, Inc. All Rights Reserved.
Running: E:/Xilinx/Vivado/2019.2/bin/unwrapped/win64.o/xelab.exe -wto f0314a36ec034ca0a035eb88dff9bc85 --incr --debug typical --relax --mt 2 -L xil_defaultlib -L unisims_ver -L unimacro_ver -L secureip -L xpm --snapshot top_tb_behav xil_defaultlib.top_tb xil_defaultlib.glbl -log elaborate.log 
Using 2 slave threads.
Starting static elaboration
Pass Through NonSizing Optimizer
Completed static elaboration
Starting simulation data flow analysis
WARNING: [XSIM 43-4099] "E:/project/display_2/display_1/display/display.srcs/sources_1/new/inst_dec.sv" Line 3. Module inst_dec doesn't have a timescale but at least one module in design has a timescale.
WARNING: [XSIM 43-4099] "E:/project/display_2/display_1/display/display.srcs/sources_1/new/regfile.sv" Line 2. Module regfile doesn't have a timescale but at least one module in design has a timescale.
Completed simulation data flow analysis
Time Resolution for simulation is 1ps
Compiling module xil_defaultlib.inst_dec
Compiling module xil_defaultlib.regfile
Compiling module xil_defaultlib.alu
Compiling module xil_defaultlib.seg7
Compiling module xil_defaultlib.display
Compiling module xil_defaultlib.top_tb
Compiling module xil_defaultlib.glbl
Built simulation snapshot top_tb_behav
INFO: [USF-XSim-69] 'elaborate' step finished in '4' seconds
INFO: [USF-XSim-4] XSim::Simulate design
INFO: [USF-XSim-61] Executing 'SIMULATE' step in 'E:/project/display_2/display_1/display/display.sim/sim_1/behav/xsim'
INFO: [USF-XSim-98] *** Running xsim
   with args "top_tb_behav -key {Behavioral:sim_1:Functional:top_tb} -tclbatch {top_tb.tcl} -log {simulate.log}"
INFO: [USF-XSim-8] Loading simulator feature
Vivado Simulator 2019.2
Time resolution is 1 ps
source top_tb.tcl
# set curr_wave [current_wave_config]
# if { [string length $curr_wave] == 0 } {
#   if { [llength [get_objects]] > 0} {
#     add_wave /
#     set_property needs_save false [current_wave_config]
#   } else {
#      send_msg_id Add_Wave-1 WARNING "No top level signals found. Simulator will start without a wave window. If you want to open a wave window go to 'File->New Waveform Configuration' or type 'create_wave_config' in the TCL console."
#   }
# }
# run 1000ns
$stop called at time : 600 ns : File "E:/project/display_2/display_1/display/display.srcs/sim_1/new/display_tb.sv" Line 48
xsim: Time (s): cpu = 00:00:03 ; elapsed = 00:00:05 . Memory (MB): peak = 1106.266 ; gain = 0.000
INFO: [USF-XSim-96] XSim completed. Design snapshot 'top_tb_behav' loaded.
INFO: [USF-XSim-97] XSim simulation ran for 1000ns
launch_simulation: Time (s): cpu = 00:00:04 ; elapsed = 00:00:13 . Memory (MB): peak = 1106.266 ; gain = 0.000
reset_run synth_1
WARNING: [Vivado 12-1017] Problems encountered:
1. Failed to delete one or more files in run directory E:/project/display_2/display_1/display/display.runs/synth_1

launch_runs synth_1 -jobs 8
[Thu May 16 21:04:59 2024] Launched synth_1...
Run output will be captured here: E:/project/display_2/display_1/display/display.runs/synth_1/runme.log
close_sim
INFO: [Simtcl 6-16] Simulation closed
launch_simulation
Command: launch_simulation 
INFO: [Vivado 12-5698] Checking validity of IPs in the design for the 'XSim' simulator...
INFO: [Vivado 12-5682] Launching behavioral simulation in 'E:/project/display_2/display_1/display/display.sim/sim_1/behav/xsim'
INFO: [Vivado 12-4795] Using compiled simulation libraries for IPs
INFO: [SIM-utils-51] Simulation object is 'sim_1'
INFO: [USF-XSim-7] Finding pre-compiled libraries...
INFO: [USF-XSim-11] File 'E:/Xilinx/Vivado/2019.2/data/xsim/xsim.ini' copied to run dir:'E:/project/display_2/display_1/display/display.sim/sim_1/behav/xsim'
INFO: [SIM-utils-54] Inspecting design source files for 'top_tb' in fileset 'sim_1'...
INFO: [USF-XSim-97] Finding global include files...
INFO: [USF-XSim-100] Fetching design files from 'sources_1'...(this may take a while)...
INFO: [USF-XSim-101] Fetching design files from 'sim_1'...
INFO: [USF-XSim-2] XSim::Compile design
INFO: [USF-XSim-61] Executing 'COMPILE and ANALYZE' step in 'E:/project/display_2/display_1/display/display.sim/sim_1/behav/xsim'
"xvlog --incr --relax -prj top_tb_vlog.prj"
INFO: [USF-XSim-69] 'compile' step finished in '3' seconds
INFO: [USF-XSim-3] XSim::Elaborate design
INFO: [USF-XSim-61] Executing 'ELABORATE' step in 'E:/project/display_2/display_1/display/display.sim/sim_1/behav/xsim'
"xelab -wto f0314a36ec034ca0a035eb88dff9bc85 --incr --debug typical --relax --mt 2 -L xil_defaultlib -L unisims_ver -L unimacro_ver -L secureip -L xpm --snapshot top_tb_behav xil_defaultlib.top_tb xil_defaultlib.glbl -log elaborate.log"
Vivado Simulator 2019.2
Copyright 1986-1999, 2001-2019 Xilinx, Inc. All Rights Reserved.
Running: E:/Xilinx/Vivado/2019.2/bin/unwrapped/win64.o/xelab.exe -wto f0314a36ec034ca0a035eb88dff9bc85 --incr --debug typical --relax --mt 2 -L xil_defaultlib -L unisims_ver -L unimacro_ver -L secureip -L xpm --snapshot top_tb_behav xil_defaultlib.top_tb xil_defaultlib.glbl -log elaborate.log 
Using 2 slave threads.
Starting static elaboration
Pass Through NonSizing Optimizer
Completed static elaboration
INFO: [XSIM 43-4323] No Change in HDL. Linking previously generated obj files to create kernel
INFO: [USF-XSim-69] 'elaborate' step finished in '3' seconds
INFO: [USF-XSim-4] XSim::Simulate design
INFO: [USF-XSim-61] Executing 'SIMULATE' step in 'E:/project/display_2/display_1/display/display.sim/sim_1/behav/xsim'
INFO: [USF-XSim-98] *** Running xsim
   with args "top_tb_behav -key {Behavioral:sim_1:Functional:top_tb} -tclbatch {top_tb.tcl} -log {simulate.log}"
INFO: [USF-XSim-8] Loading simulator feature
Vivado Simulator 2019.2
Time resolution is 1 ps
source top_tb.tcl
# set curr_wave [current_wave_config]
# if { [string length $curr_wave] == 0 } {
#   if { [llength [get_objects]] > 0} {
#     add_wave /
#     set_property needs_save false [current_wave_config]
#   } else {
#      send_msg_id Add_Wave-1 WARNING "No top level signals found. Simulator will start without a wave window. If you want to open a wave window go to 'File->New Waveform Configuration' or type 'create_wave_config' in the TCL console."
#   }
# }
# run 1000ns
$stop called at time : 600 ns : File "E:/project/display_2/display_1/display/display.srcs/sim_1/new/display_tb.sv" Line 48
INFO: [USF-XSim-96] XSim completed. Design snapshot 'top_tb_behav' loaded.
INFO: [USF-XSim-97] XSim simulation ran for 1000ns
launch_simulation: Time (s): cpu = 00:00:02 ; elapsed = 00:00:11 . Memory (MB): peak = 1106.266 ; gain = 0.000
reset_run synth_1
WARNING: [Vivado 12-1017] Problems encountered:
1. Failed to delete one or more files in run directory E:/project/display_2/display_1/display/display.runs/synth_1

launch_runs synth_1 -jobs 8
[Thu May 16 21:27:52 2024] Launched synth_1...
Run output will be captured here: E:/project/display_2/display_1/display/display.runs/synth_1/runme.log
close_sim
INFO: [Simtcl 6-16] Simulation closed
launch_simulation
Command: launch_simulation 
INFO: [Vivado 12-5698] Checking validity of IPs in the design for the 'XSim' simulator...
INFO: [Vivado 12-5682] Launching behavioral simulation in 'E:/project/display_2/display_1/display/display.sim/sim_1/behav/xsim'
INFO: [Vivado 12-4795] Using compiled simulation libraries for IPs
INFO: [SIM-utils-51] Simulation object is 'sim_1'
INFO: [USF-XSim-7] Finding pre-compiled libraries...
INFO: [USF-XSim-11] File 'E:/Xilinx/Vivado/2019.2/data/xsim/xsim.ini' copied to run dir:'E:/project/display_2/display_1/display/display.sim/sim_1/behav/xsim'
INFO: [SIM-utils-54] Inspecting design source files for 'top_tb' in fileset 'sim_1'...
INFO: [USF-XSim-97] Finding global include files...
INFO: [USF-XSim-100] Fetching design files from 'sources_1'...(this may take a while)...
INFO: [USF-XSim-101] Fetching design files from 'sim_1'...
INFO: [USF-XSim-2] XSim::Compile design
INFO: [USF-XSim-61] Executing 'COMPILE and ANALYZE' step in 'E:/project/display_2/display_1/display/display.sim/sim_1/behav/xsim'
"xvlog --incr --relax -prj top_tb_vlog.prj"
INFO: [VRFC 10-2263] Analyzing Verilog file "E:/project/display_2/display_1/display/display.srcs/sources_1/new/define.vh" into library xil_defaultlib
INFO: [VRFC 10-2263] Analyzing Verilog file "E:/project/display_2/display_1/display/display.srcs/sources_1/ip/clk_wiz_0/clk_wiz_0_clk_wiz.v" into library xil_defaultlib
INFO: [VRFC 10-311] analyzing module clk_wiz_0_clk_wiz
INFO: [VRFC 10-2263] Analyzing Verilog file "E:/project/display_2/display_1/display/display.srcs/sources_1/ip/clk_wiz_0/clk_wiz_0.v" into library xil_defaultlib
INFO: [VRFC 10-311] analyzing module clk_wiz_0
INFO: [VRFC 10-2263] Analyzing SystemVerilog file "E:/project/display_2/display_1/display/display.srcs/sources_1/new/define.vh" into library xil_defaultlib
INFO: [VRFC 10-2263] Analyzing SystemVerilog file "E:/project/display_2/display_1/display/display.srcs/sources_1/new/inst_dec.sv" into library xil_defaultlib
INFO: [VRFC 10-311] analyzing module inst_dec
INFO: [VRFC 10-2263] Analyzing SystemVerilog file "E:/project/display_2/display_1/display/display.srcs/sources_1/new/regfile.sv" into library xil_defaultlib
INFO: [VRFC 10-311] analyzing module regfile
INFO: [USF-XSim-69] 'compile' step finished in '3' seconds
INFO: [USF-XSim-3] XSim::Elaborate design
INFO: [USF-XSim-61] Executing 'ELABORATE' step in 'E:/project/display_2/display_1/display/display.sim/sim_1/behav/xsim'
"xelab -wto f0314a36ec034ca0a035eb88dff9bc85 --incr --debug typical --relax --mt 2 -L xil_defaultlib -L unisims_ver -L unimacro_ver -L secureip -L xpm --snapshot top_tb_behav xil_defaultlib.top_tb xil_defaultlib.glbl -log elaborate.log"
Vivado Simulator 2019.2
Copyright 1986-1999, 2001-2019 Xilinx, Inc. All Rights Reserved.
Running: E:/Xilinx/Vivado/2019.2/bin/unwrapped/win64.o/xelab.exe -wto f0314a36ec034ca0a035eb88dff9bc85 --incr --debug typical --relax --mt 2 -L xil_defaultlib -L unisims_ver -L unimacro_ver -L secureip -L xpm --snapshot top_tb_behav xil_defaultlib.top_tb xil_defaultlib.glbl -log elaborate.log 
Using 2 slave threads.
Starting static elaboration
Pass Through NonSizing Optimizer
Completed static elaboration
Starting simulation data flow analysis
WARNING: [XSIM 43-4099] "E:/project/display_2/display_1/display/display.srcs/sources_1/new/inst_dec.sv" Line 3. Module inst_dec doesn't have a timescale but at least one module in design has a timescale.
WARNING: [XSIM 43-4099] "E:/project/display_2/display_1/display/display.srcs/sources_1/new/regfile.sv" Line 2. Module regfile doesn't have a timescale but at least one module in design has a timescale.
Completed simulation data flow analysis
Time Resolution for simulation is 1ps
Compiling module xil_defaultlib.inst_dec
Compiling module xil_defaultlib.regfile
Compiling module xil_defaultlib.alu
Compiling module xil_defaultlib.seg7
Compiling module xil_defaultlib.display
Compiling module xil_defaultlib.top_tb
Compiling module xil_defaultlib.glbl
Built simulation snapshot top_tb_behav
INFO: [USF-XSim-69] 'elaborate' step finished in '4' seconds
INFO: [USF-XSim-4] XSim::Simulate design
INFO: [USF-XSim-61] Executing 'SIMULATE' step in 'E:/project/display_2/display_1/display/display.sim/sim_1/behav/xsim'
INFO: [USF-XSim-98] *** Running xsim
   with args "top_tb_behav -key {Behavioral:sim_1:Functional:top_tb} -tclbatch {top_tb.tcl} -log {simulate.log}"
INFO: [USF-XSim-8] Loading simulator feature
Vivado Simulator 2019.2
Time resolution is 1 ps
source top_tb.tcl
# set curr_wave [current_wave_config]
# if { [string length $curr_wave] == 0 } {
#   if { [llength [get_objects]] > 0} {
#     add_wave /
#     set_property needs_save false [current_wave_config]
#   } else {
#      send_msg_id Add_Wave-1 WARNING "No top level signals found. Simulator will start without a wave window. If you want to open a wave window go to 'File->New Waveform Configuration' or type 'create_wave_config' in the TCL console."
#   }
# }
# run 1000ns
$stop called at time : 600 ns : File "E:/project/display_2/display_1/display/display.srcs/sim_1/new/display_tb.sv" Line 48
INFO: [USF-XSim-96] XSim completed. Design snapshot 'top_tb_behav' loaded.
INFO: [USF-XSim-97] XSim simulation ran for 1000ns
launch_simulation: Time (s): cpu = 00:00:03 ; elapsed = 00:00:12 . Memory (MB): peak = 1106.266 ; gain = 0.000
close_sim
INFO: [Simtcl 6-16] Simulation closed
launch_simulation
Command: launch_simulation 
INFO: [Vivado 12-5698] Checking validity of IPs in the design for the 'XSim' simulator...
INFO: [Vivado 12-5682] Launching behavioral simulation in 'E:/project/display_2/display_1/display/display.sim/sim_1/behav/xsim'
INFO: [Vivado 12-4795] Using compiled simulation libraries for IPs
INFO: [SIM-utils-51] Simulation object is 'sim_1'
INFO: [USF-XSim-7] Finding pre-compiled libraries...
INFO: [USF-XSim-11] File 'E:/Xilinx/Vivado/2019.2/data/xsim/xsim.ini' copied to run dir:'E:/project/display_2/display_1/display/display.sim/sim_1/behav/xsim'
INFO: [SIM-utils-54] Inspecting design source files for 'top_tb' in fileset 'sim_1'...
INFO: [USF-XSim-97] Finding global include files...
INFO: [USF-XSim-100] Fetching design files from 'sources_1'...(this may take a while)...
INFO: [USF-XSim-101] Fetching design files from 'sim_1'...
INFO: [USF-XSim-2] XSim::Compile design
INFO: [USF-XSim-61] Executing 'COMPILE and ANALYZE' step in 'E:/project/display_2/display_1/display/display.sim/sim_1/behav/xsim'
"xvlog --incr --relax -prj top_tb_vlog.prj"
INFO: [VRFC 10-2263] Analyzing Verilog file "E:/project/display_2/display_1/display/display.srcs/sources_1/new/define.vh" into library xil_defaultlib
INFO: [VRFC 10-2263] Analyzing Verilog file "E:/project/display_2/display_1/display/display.srcs/sources_1/ip/clk_wiz_0/clk_wiz_0_clk_wiz.v" into library xil_defaultlib
INFO: [VRFC 10-311] analyzing module clk_wiz_0_clk_wiz
INFO: [VRFC 10-2263] Analyzing Verilog file "E:/project/display_2/display_1/display/display.srcs/sources_1/ip/clk_wiz_0/clk_wiz_0.v" into library xil_defaultlib
INFO: [VRFC 10-311] analyzing module clk_wiz_0
INFO: [VRFC 10-2263] Analyzing SystemVerilog file "E:/project/display_2/display_1/display/display.srcs/sources_1/new/define.vh" into library xil_defaultlib
INFO: [VRFC 10-2263] Analyzing SystemVerilog file "E:/project/display_2/display_1/display/display.srcs/sim_1/new/display_tb.sv" into library xil_defaultlib
INFO: [VRFC 10-311] analyzing module top_tb
INFO: [VRFC 10-2458] undeclared symbol rst, assumed default net type wire [E:/project/display_2/display_1/display/display.srcs/sim_1/new/display_tb.sv:127]
INFO: [USF-XSim-69] 'compile' step finished in '2' seconds
INFO: [USF-XSim-3] XSim::Elaborate design
INFO: [USF-XSim-61] Executing 'ELABORATE' step in 'E:/project/display_2/display_1/display/display.sim/sim_1/behav/xsim'
"xelab -wto f0314a36ec034ca0a035eb88dff9bc85 --incr --debug typical --relax --mt 2 -L xil_defaultlib -L unisims_ver -L unimacro_ver -L secureip -L xpm --snapshot top_tb_behav xil_defaultlib.top_tb xil_defaultlib.glbl -log elaborate.log"
Vivado Simulator 2019.2
Copyright 1986-1999, 2001-2019 Xilinx, Inc. All Rights Reserved.
Running: E:/Xilinx/Vivado/2019.2/bin/unwrapped/win64.o/xelab.exe -wto f0314a36ec034ca0a035eb88dff9bc85 --incr --debug typical --relax --mt 2 -L xil_defaultlib -L unisims_ver -L unimacro_ver -L secureip -L xpm --snapshot top_tb_behav xil_defaultlib.top_tb xil_defaultlib.glbl -log elaborate.log 
Using 2 slave threads.
Starting static elaboration
Pass Through NonSizing Optimizer
Completed static elaboration
Starting simulation data flow analysis
WARNING: [XSIM 43-4099] "E:/project/display_2/display_1/display/display.srcs/sources_1/new/inst_dec.sv" Line 3. Module inst_dec doesn't have a timescale but at least one module in design has a timescale.
WARNING: [XSIM 43-4099] "E:/project/display_2/display_1/display/display.srcs/sources_1/new/regfile.sv" Line 2. Module regfile doesn't have a timescale but at least one module in design has a timescale.
Completed simulation data flow analysis
Time Resolution for simulation is 1ps
Compiling module xil_defaultlib.inst_dec
Compiling module xil_defaultlib.regfile
Compiling module xil_defaultlib.alu
Compiling module xil_defaultlib.seg7
Compiling module xil_defaultlib.display
Compiling module xil_defaultlib.top_tb
Compiling module xil_defaultlib.glbl
Built simulation snapshot top_tb_behav
INFO: [USF-XSim-69] 'elaborate' step finished in '3' seconds
INFO: [USF-XSim-4] XSim::Simulate design
INFO: [USF-XSim-61] Executing 'SIMULATE' step in 'E:/project/display_2/display_1/display/display.sim/sim_1/behav/xsim'
INFO: [USF-XSim-98] *** Running xsim
   with args "top_tb_behav -key {Behavioral:sim_1:Functional:top_tb} -tclbatch {top_tb.tcl} -log {simulate.log}"
INFO: [USF-XSim-8] Loading simulator feature
Vivado Simulator 2019.2
Time resolution is 1 ps
source top_tb.tcl
# set curr_wave [current_wave_config]
# if { [string length $curr_wave] == 0 } {
#   if { [llength [get_objects]] > 0} {
#     add_wave /
#     set_property needs_save false [current_wave_config]
#   } else {
#      send_msg_id Add_Wave-1 WARNING "No top level signals found. Simulator will start without a wave window. If you want to open a wave window go to 'File->New Waveform Configuration' or type 'create_wave_config' in the TCL console."
#   }
# }
# run 1000ns
$stop called at time : 600 ns : File "E:/project/display_2/display_1/display/display.srcs/sim_1/new/display_tb.sv" Line 48
xsim: Time (s): cpu = 00:00:02 ; elapsed = 00:00:05 . Memory (MB): peak = 1106.266 ; gain = 0.000
INFO: [USF-XSim-96] XSim completed. Design snapshot 'top_tb_behav' loaded.
INFO: [USF-XSim-97] XSim simulation ran for 1000ns
launch_simulation: Time (s): cpu = 00:00:02 ; elapsed = 00:00:12 . Memory (MB): peak = 1106.266 ; gain = 0.000
launch_runs impl_1 -jobs 8
[Thu May 16 21:32:38 2024] Launched impl_1...
Run output will be captured here: E:/project/display_2/display_1/display/display.runs/impl_1/runme.log
close_sim
INFO: [Simtcl 6-16] Simulation closed
launch_simulation
Command: launch_simulation 
INFO: [Vivado 12-5698] Checking validity of IPs in the design for the 'XSim' simulator...
INFO: [Vivado 12-5682] Launching behavioral simulation in 'E:/project/display_2/display_1/display/display.sim/sim_1/behav/xsim'
INFO: [Vivado 12-4795] Using compiled simulation libraries for IPs
INFO: [SIM-utils-51] Simulation object is 'sim_1'
INFO: [USF-XSim-7] Finding pre-compiled libraries...
INFO: [USF-XSim-11] File 'E:/Xilinx/Vivado/2019.2/data/xsim/xsim.ini' copied to run dir:'E:/project/display_2/display_1/display/display.sim/sim_1/behav/xsim'
INFO: [SIM-utils-54] Inspecting design source files for 'top_tb' in fileset 'sim_1'...
INFO: [USF-XSim-97] Finding global include files...
INFO: [USF-XSim-100] Fetching design files from 'sources_1'...(this may take a while)...
INFO: [USF-XSim-101] Fetching design files from 'sim_1'...
INFO: [USF-XSim-2] XSim::Compile design
INFO: [USF-XSim-61] Executing 'COMPILE and ANALYZE' step in 'E:/project/display_2/display_1/display/display.sim/sim_1/behav/xsim'
"xvlog --incr --relax -prj top_tb_vlog.prj"
INFO: [VRFC 10-2263] Analyzing Verilog file "E:/project/display_2/display_1/display/display.srcs/sources_1/new/define.vh" into library xil_defaultlib
INFO: [VRFC 10-2263] Analyzing Verilog file "E:/project/display_2/display_1/display/display.srcs/sources_1/ip/clk_wiz_0/clk_wiz_0_clk_wiz.v" into library xil_defaultlib
INFO: [VRFC 10-311] analyzing module clk_wiz_0_clk_wiz
INFO: [VRFC 10-2263] Analyzing Verilog file "E:/project/display_2/display_1/display/display.srcs/sources_1/ip/clk_wiz_0/clk_wiz_0.v" into library xil_defaultlib
INFO: [VRFC 10-311] analyzing module clk_wiz_0
INFO: [VRFC 10-2263] Analyzing SystemVerilog file "E:/project/display_2/display_1/display/display.srcs/sources_1/new/define.vh" into library xil_defaultlib
INFO: [VRFC 10-2263] Analyzing SystemVerilog file "E:/project/display_2/display_1/display/display.srcs/sim_1/new/display_tb.sv" into library xil_defaultlib
INFO: [VRFC 10-311] analyzing module top_tb
INFO: [VRFC 10-2458] undeclared symbol rst, assumed default net type wire [E:/project/display_2/display_1/display/display.srcs/sim_1/new/display_tb.sv:143]
INFO: [USF-XSim-69] 'compile' step finished in '2' seconds
INFO: [USF-XSim-3] XSim::Elaborate design
INFO: [USF-XSim-61] Executing 'ELABORATE' step in 'E:/project/display_2/display_1/display/display.sim/sim_1/behav/xsim'
"xelab -wto f0314a36ec034ca0a035eb88dff9bc85 --incr --debug typical --relax --mt 2 -L xil_defaultlib -L unisims_ver -L unimacro_ver -L secureip -L xpm --snapshot top_tb_behav xil_defaultlib.top_tb xil_defaultlib.glbl -log elaborate.log"
Vivado Simulator 2019.2
Copyright 1986-1999, 2001-2019 Xilinx, Inc. All Rights Reserved.
Running: E:/Xilinx/Vivado/2019.2/bin/unwrapped/win64.o/xelab.exe -wto f0314a36ec034ca0a035eb88dff9bc85 --incr --debug typical --relax --mt 2 -L xil_defaultlib -L unisims_ver -L unimacro_ver -L secureip -L xpm --snapshot top_tb_behav xil_defaultlib.top_tb xil_defaultlib.glbl -log elaborate.log 
Using 2 slave threads.
Starting static elaboration
Pass Through NonSizing Optimizer
Completed static elaboration
Starting simulation data flow analysis
Completed simulation data flow analysis
Time Resolution for simulation is 1ps
Compiling module xil_defaultlib.alu
Compiling module xil_defaultlib.seg7
Compiling module xil_defaultlib.display
Compiling module xil_defaultlib.top_tb
Compiling module xil_defaultlib.glbl
Built simulation snapshot top_tb_behav
INFO: [USF-XSim-69] 'elaborate' step finished in '3' seconds
INFO: [USF-XSim-4] XSim::Simulate design
INFO: [USF-XSim-61] Executing 'SIMULATE' step in 'E:/project/display_2/display_1/display/display.sim/sim_1/behav/xsim'
INFO: [USF-XSim-98] *** Running xsim
   with args "top_tb_behav -key {Behavioral:sim_1:Functional:top_tb} -tclbatch {top_tb.tcl} -log {simulate.log}"
INFO: [USF-XSim-8] Loading simulator feature
Vivado Simulator 2019.2
Time resolution is 1 ps
source top_tb.tcl
# set curr_wave [current_wave_config]
# if { [string length $curr_wave] == 0 } {
#   if { [llength [get_objects]] > 0} {
#     add_wave /
#     set_property needs_save false [current_wave_config]
#   } else {
#      send_msg_id Add_Wave-1 WARNING "No top level signals found. Simulator will start without a wave window. If you want to open a wave window go to 'File->New Waveform Configuration' or type 'create_wave_config' in the TCL console."
#   }
# }
# run 1000ns
$stop called at time : 600 ns : File "E:/project/display_2/display_1/display/display.srcs/sim_1/new/display_tb.sv" Line 130
INFO: [USF-XSim-96] XSim completed. Design snapshot 'top_tb_behav' loaded.
INFO: [USF-XSim-97] XSim simulation ran for 1000ns
launch_simulation: Time (s): cpu = 00:00:04 ; elapsed = 00:00:11 . Memory (MB): peak = 1106.266 ; gain = 0.000
close_sim
INFO: [Simtcl 6-16] Simulation closed
launch_simulation
Command: launch_simulation 
INFO: [Vivado 12-5698] Checking validity of IPs in the design for the 'XSim' simulator...
INFO: [Vivado 12-5682] Launching behavioral simulation in 'E:/project/display_2/display_1/display/display.sim/sim_1/behav/xsim'
INFO: [Vivado 12-4795] Using compiled simulation libraries for IPs
INFO: [SIM-utils-51] Simulation object is 'sim_1'
INFO: [USF-XSim-7] Finding pre-compiled libraries...
INFO: [USF-XSim-11] File 'E:/Xilinx/Vivado/2019.2/data/xsim/xsim.ini' copied to run dir:'E:/project/display_2/display_1/display/display.sim/sim_1/behav/xsim'
INFO: [SIM-utils-54] Inspecting design source files for 'top_tb' in fileset 'sim_1'...
INFO: [USF-XSim-97] Finding global include files...
INFO: [USF-XSim-100] Fetching design files from 'sources_1'...(this may take a while)...
INFO: [USF-XSim-101] Fetching design files from 'sim_1'...
INFO: [USF-XSim-2] XSim::Compile design
INFO: [USF-XSim-61] Executing 'COMPILE and ANALYZE' step in 'E:/project/display_2/display_1/display/display.sim/sim_1/behav/xsim'
"xvlog --incr --relax -prj top_tb_vlog.prj"
INFO: [VRFC 10-2263] Analyzing Verilog file "E:/project/display_2/display_1/display/display.srcs/sources_1/new/define.vh" into library xil_defaultlib
INFO: [VRFC 10-2263] Analyzing Verilog file "E:/project/display_2/display_1/display/display.srcs/sources_1/ip/clk_wiz_0/clk_wiz_0_clk_wiz.v" into library xil_defaultlib
INFO: [VRFC 10-311] analyzing module clk_wiz_0_clk_wiz
INFO: [VRFC 10-2263] Analyzing Verilog file "E:/project/display_2/display_1/display/display.srcs/sources_1/ip/clk_wiz_0/clk_wiz_0.v" into library xil_defaultlib
INFO: [VRFC 10-311] analyzing module clk_wiz_0
INFO: [VRFC 10-2263] Analyzing SystemVerilog file "E:/project/display_2/display_1/display/display.srcs/sources_1/new/define.vh" into library xil_defaultlib
INFO: [VRFC 10-2263] Analyzing SystemVerilog file "E:/project/display_2/display_1/display/display.srcs/sim_1/new/display_tb.sv" into library xil_defaultlib
INFO: [VRFC 10-311] analyzing module top_tb
INFO: [VRFC 10-2458] undeclared symbol res, assumed default net type wire [E:/project/display_2/display_1/display/display.srcs/sim_1/new/display_tb.sv:141]
INFO: [VRFC 10-2458] undeclared symbol rst, assumed default net type wire [E:/project/display_2/display_1/display/display.srcs/sim_1/new/display_tb.sv:146]
INFO: [USF-XSim-69] 'compile' step finished in '3' seconds
INFO: [USF-XSim-3] XSim::Elaborate design
INFO: [USF-XSim-61] Executing 'ELABORATE' step in 'E:/project/display_2/display_1/display/display.sim/sim_1/behav/xsim'
"xelab -wto f0314a36ec034ca0a035eb88dff9bc85 --incr --debug typical --relax --mt 2 -L xil_defaultlib -L unisims_ver -L unimacro_ver -L secureip -L xpm --snapshot top_tb_behav xil_defaultlib.top_tb xil_defaultlib.glbl -log elaborate.log"
Vivado Simulator 2019.2
Copyright 1986-1999, 2001-2019 Xilinx, Inc. All Rights Reserved.
Running: E:/Xilinx/Vivado/2019.2/bin/unwrapped/win64.o/xelab.exe -wto f0314a36ec034ca0a035eb88dff9bc85 --incr --debug typical --relax --mt 2 -L xil_defaultlib -L unisims_ver -L unimacro_ver -L secureip -L xpm --snapshot top_tb_behav xil_defaultlib.top_tb xil_defaultlib.glbl -log elaborate.log 
Using 2 slave threads.
Starting static elaboration
Pass Through NonSizing Optimizer
WARNING: [VRFC 10-3091] actual bit length 1 differs from formal bit length 32 for port 'res' [E:/project/display_2/display_1/display/display.srcs/sim_1/new/display_tb.sv:141]
WARNING: [VRFC 10-3091] actual bit length 1 differs from formal bit length 32 for port 's' [E:/project/display_2/display_1/display/display.srcs/sim_1/new/display_tb.sv:147]
Completed static elaboration
Starting simulation data flow analysis
Completed simulation data flow analysis
Time Resolution for simulation is 1ps
Compiling module xil_defaultlib.alu
Compiling module xil_defaultlib.seg7
Compiling module xil_defaultlib.display
Compiling module xil_defaultlib.top_tb
Compiling module xil_defaultlib.glbl
Built simulation snapshot top_tb_behav
INFO: [USF-XSim-69] 'elaborate' step finished in '4' seconds
INFO: [USF-XSim-4] XSim::Simulate design
INFO: [USF-XSim-61] Executing 'SIMULATE' step in 'E:/project/display_2/display_1/display/display.sim/sim_1/behav/xsim'
INFO: [USF-XSim-98] *** Running xsim
   with args "top_tb_behav -key {Behavioral:sim_1:Functional:top_tb} -tclbatch {top_tb.tcl} -log {simulate.log}"
INFO: [USF-XSim-8] Loading simulator feature
Vivado Simulator 2019.2
Time resolution is 1 ps
source top_tb.tcl
# set curr_wave [current_wave_config]
# if { [string length $curr_wave] == 0 } {
#   if { [llength [get_objects]] > 0} {
#     add_wave /
#     set_property needs_save false [current_wave_config]
#   } else {
#      send_msg_id Add_Wave-1 WARNING "No top level signals found. Simulator will start without a wave window. If you want to open a wave window go to 'File->New Waveform Configuration' or type 'create_wave_config' in the TCL console."
#   }
# }
# run 1000ns
$stop called at time : 600 ns : File "E:/project/display_2/display_1/display/display.srcs/sim_1/new/display_tb.sv" Line 133
INFO: [USF-XSim-96] XSim completed. Design snapshot 'top_tb_behav' loaded.
INFO: [USF-XSim-97] XSim simulation ran for 1000ns
launch_simulation: Time (s): cpu = 00:00:04 ; elapsed = 00:00:12 . Memory (MB): peak = 1106.266 ; gain = 0.000
close_sim
INFO: [Simtcl 6-16] Simulation closed
launch_simulation
Command: launch_simulation 
INFO: [Vivado 12-5698] Checking validity of IPs in the design for the 'XSim' simulator...
INFO: [Vivado 12-5682] Launching behavioral simulation in 'E:/project/display_2/display_1/display/display.sim/sim_1/behav/xsim'
INFO: [Vivado 12-4795] Using compiled simulation libraries for IPs
INFO: [SIM-utils-51] Simulation object is 'sim_1'
INFO: [USF-XSim-7] Finding pre-compiled libraries...
INFO: [USF-XSim-11] File 'E:/Xilinx/Vivado/2019.2/data/xsim/xsim.ini' copied to run dir:'E:/project/display_2/display_1/display/display.sim/sim_1/behav/xsim'
INFO: [SIM-utils-54] Inspecting design source files for 'top_tb' in fileset 'sim_1'...
INFO: [USF-XSim-97] Finding global include files...
INFO: [USF-XSim-100] Fetching design files from 'sources_1'...(this may take a while)...
INFO: [USF-XSim-101] Fetching design files from 'sim_1'...
INFO: [USF-XSim-2] XSim::Compile design
INFO: [USF-XSim-61] Executing 'COMPILE and ANALYZE' step in 'E:/project/display_2/display_1/display/display.sim/sim_1/behav/xsim'
"xvlog --incr --relax -prj top_tb_vlog.prj"
INFO: [VRFC 10-2263] Analyzing Verilog file "E:/project/display_2/display_1/display/display.srcs/sources_1/new/define.vh" into library xil_defaultlib
INFO: [VRFC 10-2263] Analyzing Verilog file "E:/project/display_2/display_1/display/display.srcs/sources_1/ip/clk_wiz_0/clk_wiz_0_clk_wiz.v" into library xil_defaultlib
INFO: [VRFC 10-311] analyzing module clk_wiz_0_clk_wiz
INFO: [VRFC 10-2263] Analyzing Verilog file "E:/project/display_2/display_1/display/display.srcs/sources_1/ip/clk_wiz_0/clk_wiz_0.v" into library xil_defaultlib
INFO: [VRFC 10-311] analyzing module clk_wiz_0
INFO: [VRFC 10-2263] Analyzing SystemVerilog file "E:/project/display_2/display_1/display/display.srcs/sources_1/new/define.vh" into library xil_defaultlib
INFO: [VRFC 10-2263] Analyzing SystemVerilog file "E:/project/display_2/display_1/display/display.srcs/sim_1/new/display_tb.sv" into library xil_defaultlib
INFO: [VRFC 10-311] analyzing module top_tb
INFO: [VRFC 10-2458] undeclared symbol rst, assumed default net type wire [E:/project/display_2/display_1/display/display.srcs/sim_1/new/display_tb.sv:147]
INFO: [USF-XSim-69] 'compile' step finished in '3' seconds
INFO: [USF-XSim-3] XSim::Elaborate design
INFO: [USF-XSim-61] Executing 'ELABORATE' step in 'E:/project/display_2/display_1/display/display.sim/sim_1/behav/xsim'
"xelab -wto f0314a36ec034ca0a035eb88dff9bc85 --incr --debug typical --relax --mt 2 -L xil_defaultlib -L unisims_ver -L unimacro_ver -L secureip -L xpm --snapshot top_tb_behav xil_defaultlib.top_tb xil_defaultlib.glbl -log elaborate.log"
Vivado Simulator 2019.2
Copyright 1986-1999, 2001-2019 Xilinx, Inc. All Rights Reserved.
Running: E:/Xilinx/Vivado/2019.2/bin/unwrapped/win64.o/xelab.exe -wto f0314a36ec034ca0a035eb88dff9bc85 --incr --debug typical --relax --mt 2 -L xil_defaultlib -L unisims_ver -L unimacro_ver -L secureip -L xpm --snapshot top_tb_behav xil_defaultlib.top_tb xil_defaultlib.glbl -log elaborate.log 
Using 2 slave threads.
Starting static elaboration
Pass Through NonSizing Optimizer
Completed static elaboration
Starting simulation data flow analysis
Completed simulation data flow analysis
Time Resolution for simulation is 1ps
Compiling module xil_defaultlib.alu
Compiling module xil_defaultlib.seg7
Compiling module xil_defaultlib.display
Compiling module xil_defaultlib.top_tb
Compiling module xil_defaultlib.glbl
Built simulation snapshot top_tb_behav
INFO: [USF-XSim-69] 'elaborate' step finished in '4' seconds
INFO: [USF-XSim-4] XSim::Simulate design
INFO: [USF-XSim-61] Executing 'SIMULATE' step in 'E:/project/display_2/display_1/display/display.sim/sim_1/behav/xsim'
INFO: [USF-XSim-98] *** Running xsim
   with args "top_tb_behav -key {Behavioral:sim_1:Functional:top_tb} -tclbatch {top_tb.tcl} -log {simulate.log}"
INFO: [USF-XSim-8] Loading simulator feature
Vivado Simulator 2019.2
Time resolution is 1 ps
source top_tb.tcl
# set curr_wave [current_wave_config]
# if { [string length $curr_wave] == 0 } {
#   if { [llength [get_objects]] > 0} {
#     add_wave /
#     set_property needs_save false [current_wave_config]
#   } else {
#      send_msg_id Add_Wave-1 WARNING "No top level signals found. Simulator will start without a wave window. If you want to open a wave window go to 'File->New Waveform Configuration' or type 'create_wave_config' in the TCL console."
#   }
# }
# run 1000ns
$stop called at time : 600 ns : File "E:/project/display_2/display_1/display/display.srcs/sim_1/new/display_tb.sv" Line 134
INFO: [USF-XSim-96] XSim completed. Design snapshot 'top_tb_behav' loaded.
INFO: [USF-XSim-97] XSim simulation ran for 1000ns
launch_simulation: Time (s): cpu = 00:00:03 ; elapsed = 00:00:11 . Memory (MB): peak = 1106.266 ; gain = 0.000
close_sim
INFO: [Simtcl 6-16] Simulation closed
launch_simulation
Command: launch_simulation 
INFO: [Vivado 12-5698] Checking validity of IPs in the design for the 'XSim' simulator...
INFO: [Vivado 12-5682] Launching behavioral simulation in 'E:/project/display_2/display_1/display/display.sim/sim_1/behav/xsim'
INFO: [Vivado 12-4795] Using compiled simulation libraries for IPs
INFO: [SIM-utils-51] Simulation object is 'sim_1'
INFO: [USF-XSim-7] Finding pre-compiled libraries...
INFO: [USF-XSim-11] File 'E:/Xilinx/Vivado/2019.2/data/xsim/xsim.ini' copied to run dir:'E:/project/display_2/display_1/display/display.sim/sim_1/behav/xsim'
INFO: [SIM-utils-54] Inspecting design source files for 'top_tb' in fileset 'sim_1'...
INFO: [USF-XSim-97] Finding global include files...
INFO: [USF-XSim-100] Fetching design files from 'sources_1'...(this may take a while)...
INFO: [USF-XSim-101] Fetching design files from 'sim_1'...
INFO: [USF-XSim-2] XSim::Compile design
INFO: [USF-XSim-61] Executing 'COMPILE and ANALYZE' step in 'E:/project/display_2/display_1/display/display.sim/sim_1/behav/xsim'
"xvlog --incr --relax -prj top_tb_vlog.prj"
INFO: [VRFC 10-2263] Analyzing Verilog file "E:/project/display_2/display_1/display/display.srcs/sources_1/new/define.vh" into library xil_defaultlib
INFO: [VRFC 10-2263] Analyzing Verilog file "E:/project/display_2/display_1/display/display.srcs/sources_1/ip/clk_wiz_0/clk_wiz_0_clk_wiz.v" into library xil_defaultlib
INFO: [VRFC 10-311] analyzing module clk_wiz_0_clk_wiz
INFO: [VRFC 10-2263] Analyzing Verilog file "E:/project/display_2/display_1/display/display.srcs/sources_1/ip/clk_wiz_0/clk_wiz_0.v" into library xil_defaultlib
INFO: [VRFC 10-311] analyzing module clk_wiz_0
INFO: [VRFC 10-2263] Analyzing SystemVerilog file "E:/project/display_2/display_1/display/display.srcs/sources_1/new/define.vh" into library xil_defaultlib
INFO: [VRFC 10-2263] Analyzing SystemVerilog file "E:/project/display_2/display_1/display/display.srcs/sim_1/new/display_tb.sv" into library xil_defaultlib
INFO: [VRFC 10-311] analyzing module top_tb
INFO: [VRFC 10-2458] undeclared symbol rst, assumed default net type wire [E:/project/display_2/display_1/display/display.srcs/sim_1/new/display_tb.sv:147]
INFO: [USF-XSim-69] 'compile' step finished in '3' seconds
INFO: [USF-XSim-3] XSim::Elaborate design
INFO: [USF-XSim-61] Executing 'ELABORATE' step in 'E:/project/display_2/display_1/display/display.sim/sim_1/behav/xsim'
"xelab -wto f0314a36ec034ca0a035eb88dff9bc85 --incr --debug typical --relax --mt 2 -L xil_defaultlib -L unisims_ver -L unimacro_ver -L secureip -L xpm --snapshot top_tb_behav xil_defaultlib.top_tb xil_defaultlib.glbl -log elaborate.log"
Vivado Simulator 2019.2
Copyright 1986-1999, 2001-2019 Xilinx, Inc. All Rights Reserved.
Running: E:/Xilinx/Vivado/2019.2/bin/unwrapped/win64.o/xelab.exe -wto f0314a36ec034ca0a035eb88dff9bc85 --incr --debug typical --relax --mt 2 -L xil_defaultlib -L unisims_ver -L unimacro_ver -L secureip -L xpm --snapshot top_tb_behav xil_defaultlib.top_tb xil_defaultlib.glbl -log elaborate.log 
Using 2 slave threads.
Starting static elaboration
Pass Through NonSizing Optimizer
Completed static elaboration
Starting simulation data flow analysis
Completed simulation data flow analysis
Time Resolution for simulation is 1ps
Compiling module xil_defaultlib.alu
Compiling module xil_defaultlib.seg7
Compiling module xil_defaultlib.display
Compiling module xil_defaultlib.top_tb
Compiling module xil_defaultlib.glbl
Built simulation snapshot top_tb_behav
INFO: [USF-XSim-69] 'elaborate' step finished in '4' seconds
INFO: [USF-XSim-4] XSim::Simulate design
INFO: [USF-XSim-61] Executing 'SIMULATE' step in 'E:/project/display_2/display_1/display/display.sim/sim_1/behav/xsim'
INFO: [USF-XSim-98] *** Running xsim
   with args "top_tb_behav -key {Behavioral:sim_1:Functional:top_tb} -tclbatch {top_tb.tcl} -log {simulate.log}"
INFO: [USF-XSim-8] Loading simulator feature
Vivado Simulator 2019.2
Time resolution is 1 ps
source top_tb.tcl
# set curr_wave [current_wave_config]
# if { [string length $curr_wave] == 0 } {
#   if { [llength [get_objects]] > 0} {
#     add_wave /
#     set_property needs_save false [current_wave_config]
#   } else {
#      send_msg_id Add_Wave-1 WARNING "No top level signals found. Simulator will start without a wave window. If you want to open a wave window go to 'File->New Waveform Configuration' or type 'create_wave_config' in the TCL console."
#   }
# }
# run 1000ns
$stop called at time : 800 ns : File "E:/project/display_2/display_1/display/display.srcs/sim_1/new/display_tb.sv" Line 134
xsim: Time (s): cpu = 00:00:04 ; elapsed = 00:00:05 . Memory (MB): peak = 1147.641 ; gain = 0.000
INFO: [USF-XSim-96] XSim completed. Design snapshot 'top_tb_behav' loaded.
INFO: [USF-XSim-97] XSim simulation ran for 1000ns
launch_simulation: Time (s): cpu = 00:00:05 ; elapsed = 00:00:12 . Memory (MB): peak = 1147.641 ; gain = 0.000
launch_runs impl_1 -to_step write_bitstream -jobs 8
[Thu May 16 23:09:22 2024] Launched impl_1...
Run output will be captured here: E:/project/display_2/display_1/display/display.runs/impl_1/runme.log
close_sim
INFO: [Simtcl 6-16] Simulation closed
launch_simulation
Command: launch_simulation 
INFO: [Vivado 12-5698] Checking validity of IPs in the design for the 'XSim' simulator...
INFO: [Vivado 12-5682] Launching behavioral simulation in 'E:/project/display_2/display_1/display/display.sim/sim_1/behav/xsim'
INFO: [Vivado 12-4795] Using compiled simulation libraries for IPs
INFO: [SIM-utils-51] Simulation object is 'sim_1'
INFO: [USF-XSim-7] Finding pre-compiled libraries...
INFO: [USF-XSim-11] File 'E:/Xilinx/Vivado/2019.2/data/xsim/xsim.ini' copied to run dir:'E:/project/display_2/display_1/display/display.sim/sim_1/behav/xsim'
INFO: [SIM-utils-54] Inspecting design source files for 'top_tb' in fileset 'sim_1'...
INFO: [USF-XSim-97] Finding global include files...
INFO: [USF-XSim-100] Fetching design files from 'sources_1'...(this may take a while)...
INFO: [USF-XSim-101] Fetching design files from 'sim_1'...
INFO: [USF-XSim-2] XSim::Compile design
INFO: [USF-XSim-61] Executing 'COMPILE and ANALYZE' step in 'E:/project/display_2/display_1/display/display.sim/sim_1/behav/xsim'
"xvlog --incr --relax -prj top_tb_vlog.prj"
INFO: [VRFC 10-2263] Analyzing Verilog file "E:/project/display_2/display_1/display/display.srcs/sources_1/new/define.vh" into library xil_defaultlib
INFO: [VRFC 10-2263] Analyzing Verilog file "E:/project/display_2/display_1/display/display.srcs/sources_1/ip/clk_wiz_0/clk_wiz_0_clk_wiz.v" into library xil_defaultlib
INFO: [VRFC 10-311] analyzing module clk_wiz_0_clk_wiz
INFO: [VRFC 10-2263] Analyzing Verilog file "E:/project/display_2/display_1/display/display.srcs/sources_1/ip/clk_wiz_0/clk_wiz_0.v" into library xil_defaultlib
INFO: [VRFC 10-311] analyzing module clk_wiz_0
INFO: [VRFC 10-2263] Analyzing SystemVerilog file "E:/project/display_2/display_1/display/display.srcs/sources_1/new/define.vh" into library xil_defaultlib
INFO: [VRFC 10-2263] Analyzing SystemVerilog file "E:/project/display_2/display_1/display/display.srcs/sim_1/new/display_tb.sv" into library xil_defaultlib
INFO: [VRFC 10-311] analyzing module top_tb
INFO: [VRFC 10-2458] undeclared symbol rst, assumed default net type wire [E:/project/display_2/display_1/display/display.srcs/sim_1/new/display_tb.sv:153]
INFO: [USF-XSim-69] 'compile' step finished in '2' seconds
INFO: [USF-XSim-3] XSim::Elaborate design
INFO: [USF-XSim-61] Executing 'ELABORATE' step in 'E:/project/display_2/display_1/display/display.sim/sim_1/behav/xsim'
"xelab -wto f0314a36ec034ca0a035eb88dff9bc85 --incr --debug typical --relax --mt 2 -L xil_defaultlib -L unisims_ver -L unimacro_ver -L secureip -L xpm --snapshot top_tb_behav xil_defaultlib.top_tb xil_defaultlib.glbl -log elaborate.log"
Vivado Simulator 2019.2
Copyright 1986-1999, 2001-2019 Xilinx, Inc. All Rights Reserved.
Running: E:/Xilinx/Vivado/2019.2/bin/unwrapped/win64.o/xelab.exe -wto f0314a36ec034ca0a035eb88dff9bc85 --incr --debug typical --relax --mt 2 -L xil_defaultlib -L unisims_ver -L unimacro_ver -L secureip -L xpm --snapshot top_tb_behav xil_defaultlib.top_tb xil_defaultlib.glbl -log elaborate.log 
Using 2 slave threads.
Starting static elaboration
Pass Through NonSizing Optimizer
ERROR: [VRFC 10-3180] cannot find port 'res' on this module [E:/project/display_2/display_1/display/display.srcs/sim_1/new/display_tb.sv:72]
ERROR: [XSIM 43-3322] Static elaboration of top level Verilog design unit(s) in library work failed.
INFO: [USF-XSim-69] 'elaborate' step finished in '3' seconds
INFO: [USF-XSim-99] Step results log file:'E:/project/display_2/display_1/display/display.sim/sim_1/behav/xsim/elaborate.log'
ERROR: [USF-XSim-62] 'elaborate' step failed with error(s). Please check the Tcl console output or 'E:/project/display_2/display_1/display/display.sim/sim_1/behav/xsim/elaborate.log' file for more information.
ERROR: [Vivado 12-4473] Detected error while running simulation. Please correct the issue and retry this operation.
launch_simulation: Time (s): cpu = 00:00:00 ; elapsed = 00:00:06 . Memory (MB): peak = 1174.434 ; gain = 0.000
ERROR: [Common 17-39] 'launch_simulation' failed due to earlier errors.
launch_simulation
Command: launch_simulation 
INFO: [Vivado 12-5698] Checking validity of IPs in the design for the 'XSim' simulator...
INFO: [Vivado 12-5682] Launching behavioral simulation in 'E:/project/display_2/display_1/display/display.sim/sim_1/behav/xsim'
INFO: [Vivado 12-4795] Using compiled simulation libraries for IPs
INFO: [SIM-utils-51] Simulation object is 'sim_1'
INFO: [USF-XSim-7] Finding pre-compiled libraries...
INFO: [USF-XSim-11] File 'E:/Xilinx/Vivado/2019.2/data/xsim/xsim.ini' copied to run dir:'E:/project/display_2/display_1/display/display.sim/sim_1/behav/xsim'
INFO: [SIM-utils-54] Inspecting design source files for 'top_tb' in fileset 'sim_1'...
INFO: [USF-XSim-97] Finding global include files...
INFO: [USF-XSim-100] Fetching design files from 'sources_1'...(this may take a while)...
INFO: [USF-XSim-101] Fetching design files from 'sim_1'...
INFO: [USF-XSim-2] XSim::Compile design
INFO: [USF-XSim-61] Executing 'COMPILE and ANALYZE' step in 'E:/project/display_2/display_1/display/display.sim/sim_1/behav/xsim'
"xvlog --incr --relax -prj top_tb_vlog.prj"
INFO: [VRFC 10-2263] Analyzing Verilog file "E:/project/display_2/display_1/display/display.srcs/sources_1/new/define.vh" into library xil_defaultlib
INFO: [VRFC 10-2263] Analyzing Verilog file "E:/project/display_2/display_1/display/display.srcs/sources_1/ip/clk_wiz_0/clk_wiz_0_clk_wiz.v" into library xil_defaultlib
INFO: [VRFC 10-311] analyzing module clk_wiz_0_clk_wiz
INFO: [VRFC 10-2263] Analyzing Verilog file "E:/project/display_2/display_1/display/display.srcs/sources_1/ip/clk_wiz_0/clk_wiz_0.v" into library xil_defaultlib
INFO: [VRFC 10-311] analyzing module clk_wiz_0
INFO: [VRFC 10-2263] Analyzing SystemVerilog file "E:/project/display_2/display_1/display/display.srcs/sources_1/new/define.vh" into library xil_defaultlib
INFO: [VRFC 10-2263] Analyzing SystemVerilog file "E:/project/display_2/display_1/display/display.srcs/sim_1/new/display_tb.sv" into library xil_defaultlib
INFO: [VRFC 10-311] analyzing module top_tb
INFO: [VRFC 10-2458] undeclared symbol rst, assumed default net type wire [E:/project/display_2/display_1/display/display.srcs/sim_1/new/display_tb.sv:153]
INFO: [USF-XSim-69] 'compile' step finished in '3' seconds
INFO: [USF-XSim-3] XSim::Elaborate design
INFO: [USF-XSim-61] Executing 'ELABORATE' step in 'E:/project/display_2/display_1/display/display.sim/sim_1/behav/xsim'
"xelab -wto f0314a36ec034ca0a035eb88dff9bc85 --incr --debug typical --relax --mt 2 -L xil_defaultlib -L unisims_ver -L unimacro_ver -L secureip -L xpm --snapshot top_tb_behav xil_defaultlib.top_tb xil_defaultlib.glbl -log elaborate.log"
Vivado Simulator 2019.2
Copyright 1986-1999, 2001-2019 Xilinx, Inc. All Rights Reserved.
Running: E:/Xilinx/Vivado/2019.2/bin/unwrapped/win64.o/xelab.exe -wto f0314a36ec034ca0a035eb88dff9bc85 --incr --debug typical --relax --mt 2 -L xil_defaultlib -L unisims_ver -L unimacro_ver -L secureip -L xpm --snapshot top_tb_behav xil_defaultlib.top_tb xil_defaultlib.glbl -log elaborate.log 
Using 2 slave threads.
Starting static elaboration
Pass Through NonSizing Optimizer
Completed static elaboration
Starting simulation data flow analysis
WARNING: [XSIM 43-4099] "E:/project/display_2/display_1/display/display.srcs/sources_1/new/inst_dec.sv" Line 3. Module inst_dec doesn't have a timescale but at least one module in design has a timescale.
WARNING: [XSIM 43-4099] "E:/project/display_2/display_1/display/display.srcs/sources_1/new/regfile.sv" Line 2. Module regfile doesn't have a timescale but at least one module in design has a timescale.
Completed simulation data flow analysis
Time Resolution for simulation is 1ps
Compiling module xil_defaultlib.inst_dec
Compiling module xil_defaultlib.regfile
Compiling module xil_defaultlib.alu
Compiling module xil_defaultlib.seg7
Compiling module xil_defaultlib.display
Compiling module xil_defaultlib.top_tb
Compiling module xil_defaultlib.glbl
Built simulation snapshot top_tb_behav
INFO: [USF-XSim-69] 'elaborate' step finished in '3' seconds
INFO: [USF-XSim-4] XSim::Simulate design
INFO: [USF-XSim-61] Executing 'SIMULATE' step in 'E:/project/display_2/display_1/display/display.sim/sim_1/behav/xsim'
INFO: [USF-XSim-98] *** Running xsim
   with args "top_tb_behav -key {Behavioral:sim_1:Functional:top_tb} -tclbatch {top_tb.tcl} -log {simulate.log}"
INFO: [USF-XSim-8] Loading simulator feature
Vivado Simulator 2019.2
Time resolution is 1 ps
source top_tb.tcl
# set curr_wave [current_wave_config]
# if { [string length $curr_wave] == 0 } {
#   if { [llength [get_objects]] > 0} {
#     add_wave /
#     set_property needs_save false [current_wave_config]
#   } else {
#      send_msg_id Add_Wave-1 WARNING "No top level signals found. Simulator will start without a wave window. If you want to open a wave window go to 'File->New Waveform Configuration' or type 'create_wave_config' in the TCL console."
#   }
# }
# run 1000ns
$stop called at time : 400 ns : File "E:/project/display_2/display_1/display/display.srcs/sim_1/new/display_tb.sv" Line 53
xsim: Time (s): cpu = 00:00:04 ; elapsed = 00:00:05 . Memory (MB): peak = 1174.434 ; gain = 0.000
INFO: [USF-XSim-96] XSim completed. Design snapshot 'top_tb_behav' loaded.
INFO: [USF-XSim-97] XSim simulation ran for 1000ns
launch_simulation: Time (s): cpu = 00:00:05 ; elapsed = 00:00:12 . Memory (MB): peak = 1174.434 ; gain = 0.000
open_hw_manager
connect_hw_server -allow_non_jtag
INFO: [Labtools 27-2285] Connecting to hw_server url TCP:localhost:3121
INFO: [Labtools 27-2222] Launching hw_server...
INFO: [Labtools 27-2221] Launch Output:

****** Xilinx hw_server v2019.2
  **** Build date : Nov  6 2019 at 22:12:23
    ** Copyright 1986-2019 Xilinx, Inc. All Rights Reserved.


INFO: [Labtools 27-3415] Connecting to cs_server url TCP:localhost:3042
INFO: [Labtools 27-3417] Launching cs_server...
INFO: [Labtools 27-2221] Launch Output:


****** Xilinx cs_server v2019.2.0
  **** Build date : Nov 07 2019-13:28:22
    ** Copyright 2017-2019 Xilinx, Inc. All Rights Reserved.



connect_hw_server: Time (s): cpu = 00:00:01 ; elapsed = 00:00:10 . Memory (MB): peak = 1176.980 ; gain = 2.547
open_hw_target
INFO: [Labtoolstcl 44-466] Opening hw_target localhost:3121/xilinx_tcf/Digilent/C305A633ABCD
open_hw_target: Time (s): cpu = 00:00:05 ; elapsed = 00:00:08 . Memory (MB): peak = 2403.293 ; gain = 1226.312
set_property PROGRAM.FILE {E:/project/display_2/display_1/display/display.runs/impl_1/top.bit} [get_hw_devices xc7k325t_0]
current_hw_device [get_hw_devices xc7k325t_0]
refresh_hw_device -update_hw_probes false [lindex [get_hw_devices xc7k325t_0] 0]
INFO: [Labtools 27-1434] Device xc7k325t (JTAG device index = 0) is programmed with a design that has no supported debug core(s) in it.
set_property PROBES.FILE {} [get_hw_devices xc7k325t_0]
set_property FULL_PROBES.FILE {} [get_hw_devices xc7k325t_0]
set_property PROGRAM.FILE {E:/project/display_2/display_1/display/display.runs/impl_1/top.bit} [get_hw_devices xc7k325t_0]
program_hw_devices [get_hw_devices xc7k325t_0]
INFO: [Labtools 27-3164] End of startup status: HIGH
program_hw_devices: Time (s): cpu = 00:00:04 ; elapsed = 00:00:06 . Memory (MB): peak = 2427.004 ; gain = 0.000
refresh_hw_device [lindex [get_hw_devices xc7k325t_0] 0]
INFO: [Labtools 27-1434] Device xc7k325t (JTAG device index = 0) is programmed with a design that has no supported debug core(s) in it.
ERROR: [Labtoolstcl 44-513] HW Target shutdown. Closing target: localhost:3121/xilinx_tcf/Digilent/C305A633ABCD
INFO: [Labtoolstcl 44-466] Opening hw_target localhost:3121/xilinx_tcf/Digilent/C305A633ABCD
INFO: [Labtools 27-1435] Device xc7k325t (JTAG device index = 0) is not programmed (DONE status = 0).
WARNING: [Labtoolstcl 44-129] No matching hw_ila_data was found.
set_property PROBES.FILE {} [get_hw_devices xc7k325t_0]
set_property FULL_PROBES.FILE {} [get_hw_devices xc7k325t_0]
set_property PROGRAM.FILE {E:/project/display_2/display_1/display/display.runs/impl_1/top.bit} [get_hw_devices xc7k325t_0]
program_hw_devices [get_hw_devices xc7k325t_0]
INFO: [Labtools 27-3164] End of startup status: HIGH
program_hw_devices: Time (s): cpu = 00:00:04 ; elapsed = 00:00:06 . Memory (MB): peak = 2443.453 ; gain = 0.000
refresh_hw_device [lindex [get_hw_devices xc7k325t_0] 0]
INFO: [Labtools 27-1434] Device xc7k325t (JTAG device index = 0) is programmed with a design that has no supported debug core(s) in it.
ERROR: [Labtoolstcl 44-513] HW Target shutdown. Closing target: localhost:3121/xilinx_tcf/Digilent/C305A633ABCD
close_sim
INFO: [Simtcl 6-16] Simulation closed
launch_simulation
Command: launch_simulation 
INFO: [Vivado 12-5698] Checking validity of IPs in the design for the 'XSim' simulator...
INFO: [Vivado 12-5682] Launching behavioral simulation in 'E:/project/display_2/display_1/display/display.sim/sim_1/behav/xsim'
INFO: [Vivado 12-4795] Using compiled simulation libraries for IPs
INFO: [SIM-utils-51] Simulation object is 'sim_1'
INFO: [USF-XSim-7] Finding pre-compiled libraries...
INFO: [USF-XSim-11] File 'E:/Xilinx/Vivado/2019.2/data/xsim/xsim.ini' copied to run dir:'E:/project/display_2/display_1/display/display.sim/sim_1/behav/xsim'
INFO: [SIM-utils-54] Inspecting design source files for 'top_tb' in fileset 'sim_1'...
INFO: [USF-XSim-97] Finding global include files...
INFO: [USF-XSim-100] Fetching design files from 'sources_1'...(this may take a while)...
INFO: [USF-XSim-101] Fetching design files from 'sim_1'...
INFO: [USF-XSim-2] XSim::Compile design
INFO: [USF-XSim-61] Executing 'COMPILE and ANALYZE' step in 'E:/project/display_2/display_1/display/display.sim/sim_1/behav/xsim'
"xvlog --incr --relax -prj top_tb_vlog.prj"
INFO: [VRFC 10-2263] Analyzing Verilog file "E:/project/display_2/display_1/display/display.srcs/sources_1/new/define.vh" into library xil_defaultlib
INFO: [VRFC 10-2263] Analyzing Verilog file "E:/project/display_2/display_1/display/display.srcs/sources_1/ip/clk_wiz_0/clk_wiz_0_clk_wiz.v" into library xil_defaultlib
INFO: [VRFC 10-311] analyzing module clk_wiz_0_clk_wiz
INFO: [VRFC 10-2263] Analyzing Verilog file "E:/project/display_2/display_1/display/display.srcs/sources_1/ip/clk_wiz_0/clk_wiz_0.v" into library xil_defaultlib
INFO: [VRFC 10-311] analyzing module clk_wiz_0
INFO: [VRFC 10-2263] Analyzing SystemVerilog file "E:/project/display_2/display_1/display/display.srcs/sources_1/new/define.vh" into library xil_defaultlib
INFO: [VRFC 10-2263] Analyzing SystemVerilog file "E:/project/display_2/display_1/display/display.srcs/sim_1/new/display_tb.sv" into library xil_defaultlib
INFO: [VRFC 10-311] analyzing module top_tb
INFO: [VRFC 10-2458] undeclared symbol rst, assumed default net type wire [E:/project/display_2/display_1/display/display.srcs/sim_1/new/display_tb.sv:163]
INFO: [USF-XSim-69] 'compile' step finished in '3' seconds
INFO: [USF-XSim-3] XSim::Elaborate design
INFO: [USF-XSim-61] Executing 'ELABORATE' step in 'E:/project/display_2/display_1/display/display.sim/sim_1/behav/xsim'
"xelab -wto f0314a36ec034ca0a035eb88dff9bc85 --incr --debug typical --relax --mt 2 -L xil_defaultlib -L unisims_ver -L unimacro_ver -L secureip -L xpm --snapshot top_tb_behav xil_defaultlib.top_tb xil_defaultlib.glbl -log elaborate.log"
Vivado Simulator 2019.2
Copyright 1986-1999, 2001-2019 Xilinx, Inc. All Rights Reserved.
Running: E:/Xilinx/Vivado/2019.2/bin/unwrapped/win64.o/xelab.exe -wto f0314a36ec034ca0a035eb88dff9bc85 --incr --debug typical --relax --mt 2 -L xil_defaultlib -L unisims_ver -L unimacro_ver -L secureip -L xpm --snapshot top_tb_behav xil_defaultlib.top_tb xil_defaultlib.glbl -log elaborate.log 
Using 2 slave threads.
Starting static elaboration
Pass Through NonSizing Optimizer
Completed static elaboration
Starting simulation data flow analysis
WARNING: [XSIM 43-4099] "E:/project/display_2/display_1/display/display.srcs/sources_1/new/inst_dec.sv" Line 3. Module inst_dec doesn't have a timescale but at least one module in design has a timescale.
WARNING: [XSIM 43-4099] "E:/project/display_2/display_1/display/display.srcs/sources_1/new/regfile.sv" Line 2. Module regfile doesn't have a timescale but at least one module in design has a timescale.
Completed simulation data flow analysis
Time Resolution for simulation is 1ps
Compiling module xil_defaultlib.inst_dec
Compiling module xil_defaultlib.regfile
Compiling module xil_defaultlib.alu
Compiling module xil_defaultlib.seg7
Compiling module xil_defaultlib.display
Compiling module xil_defaultlib.top_tb
Compiling module xil_defaultlib.glbl
Built simulation snapshot top_tb_behav
INFO: [USF-XSim-69] 'elaborate' step finished in '4' seconds
INFO: [USF-XSim-4] XSim::Simulate design
INFO: [USF-XSim-61] Executing 'SIMULATE' step in 'E:/project/display_2/display_1/display/display.sim/sim_1/behav/xsim'
INFO: [USF-XSim-98] *** Running xsim
   with args "top_tb_behav -key {Behavioral:sim_1:Functional:top_tb} -tclbatch {top_tb.tcl} -log {simulate.log}"
INFO: [USF-XSim-8] Loading simulator feature
Vivado Simulator 2019.2
Time resolution is 1 ps
source top_tb.tcl
# set curr_wave [current_wave_config]
# if { [string length $curr_wave] == 0 } {
#   if { [llength [get_objects]] > 0} {
#     add_wave /
#     set_property needs_save false [current_wave_config]
#   } else {
#      send_msg_id Add_Wave-1 WARNING "No top level signals found. Simulator will start without a wave window. If you want to open a wave window go to 'File->New Waveform Configuration' or type 'create_wave_config' in the TCL console."
#   }
# }
# run 1000ns
$stop called at time : 830 ns : File "E:/project/display_2/display_1/display/display.srcs/sim_1/new/display_tb.sv" Line 63
INFO: [USF-XSim-96] XSim completed. Design snapshot 'top_tb_behav' loaded.
INFO: [USF-XSim-97] XSim simulation ran for 1000ns
launch_simulation: Time (s): cpu = 00:00:03 ; elapsed = 00:00:11 . Memory (MB): peak = 2443.453 ; gain = 0.000
close_sim
INFO: [Simtcl 6-16] Simulation closed
launch_simulation
Command: launch_simulation 
INFO: [Vivado 12-5698] Checking validity of IPs in the design for the 'XSim' simulator...
INFO: [Vivado 12-5682] Launching behavioral simulation in 'E:/project/display_2/display_1/display/display.sim/sim_1/behav/xsim'
INFO: [Vivado 12-4795] Using compiled simulation libraries for IPs
INFO: [SIM-utils-51] Simulation object is 'sim_1'
INFO: [USF-XSim-7] Finding pre-compiled libraries...
INFO: [USF-XSim-11] File 'E:/Xilinx/Vivado/2019.2/data/xsim/xsim.ini' copied to run dir:'E:/project/display_2/display_1/display/display.sim/sim_1/behav/xsim'
INFO: [SIM-utils-54] Inspecting design source files for 'top_tb' in fileset 'sim_1'...
INFO: [USF-XSim-97] Finding global include files...
INFO: [USF-XSim-100] Fetching design files from 'sources_1'...(this may take a while)...
INFO: [USF-XSim-101] Fetching design files from 'sim_1'...
INFO: [USF-XSim-2] XSim::Compile design
INFO: [USF-XSim-61] Executing 'COMPILE and ANALYZE' step in 'E:/project/display_2/display_1/display/display.sim/sim_1/behav/xsim'
"xvlog --incr --relax -prj top_tb_vlog.prj"
INFO: [VRFC 10-2263] Analyzing Verilog file "E:/project/display_2/display_1/display/display.srcs/sources_1/new/define.vh" into library xil_defaultlib
INFO: [VRFC 10-2263] Analyzing Verilog file "E:/project/display_2/display_1/display/display.srcs/sources_1/ip/clk_wiz_0/clk_wiz_0_clk_wiz.v" into library xil_defaultlib
INFO: [VRFC 10-311] analyzing module clk_wiz_0_clk_wiz
INFO: [VRFC 10-2263] Analyzing Verilog file "E:/project/display_2/display_1/display/display.srcs/sources_1/ip/clk_wiz_0/clk_wiz_0.v" into library xil_defaultlib
INFO: [VRFC 10-311] analyzing module clk_wiz_0
INFO: [VRFC 10-2263] Analyzing SystemVerilog file "E:/project/display_2/display_1/display/display.srcs/sources_1/new/define.vh" into library xil_defaultlib
INFO: [VRFC 10-2263] Analyzing SystemVerilog file "E:/project/display_2/display_1/display/display.srcs/sim_1/new/display_tb.sv" into library xil_defaultlib
INFO: [VRFC 10-311] analyzing module top_tb
INFO: [VRFC 10-2458] undeclared symbol rst, assumed default net type wire [E:/project/display_2/display_1/display/display.srcs/sim_1/new/display_tb.sv:162]
INFO: [USF-XSim-69] 'compile' step finished in '3' seconds
INFO: [USF-XSim-3] XSim::Elaborate design
INFO: [USF-XSim-61] Executing 'ELABORATE' step in 'E:/project/display_2/display_1/display/display.sim/sim_1/behav/xsim'
"xelab -wto f0314a36ec034ca0a035eb88dff9bc85 --incr --debug typical --relax --mt 2 -L xil_defaultlib -L unisims_ver -L unimacro_ver -L secureip -L xpm --snapshot top_tb_behav xil_defaultlib.top_tb xil_defaultlib.glbl -log elaborate.log"
Vivado Simulator 2019.2
Copyright 1986-1999, 2001-2019 Xilinx, Inc. All Rights Reserved.
Running: E:/Xilinx/Vivado/2019.2/bin/unwrapped/win64.o/xelab.exe -wto f0314a36ec034ca0a035eb88dff9bc85 --incr --debug typical --relax --mt 2 -L xil_defaultlib -L unisims_ver -L unimacro_ver -L secureip -L xpm --snapshot top_tb_behav xil_defaultlib.top_tb xil_defaultlib.glbl -log elaborate.log 
Using 2 slave threads.
Starting static elaboration
Pass Through NonSizing Optimizer
Completed static elaboration
Starting simulation data flow analysis
WARNING: [XSIM 43-4099] "E:/project/display_2/display_1/display/display.srcs/sources_1/new/inst_dec.sv" Line 3. Module inst_dec doesn't have a timescale but at least one module in design has a timescale.
WARNING: [XSIM 43-4099] "E:/project/display_2/display_1/display/display.srcs/sources_1/new/regfile.sv" Line 2. Module regfile doesn't have a timescale but at least one module in design has a timescale.
Completed simulation data flow analysis
Time Resolution for simulation is 1ps
Compiling module xil_defaultlib.inst_dec
Compiling module xil_defaultlib.regfile
Compiling module xil_defaultlib.alu
Compiling module xil_defaultlib.seg7
Compiling module xil_defaultlib.display
Compiling module xil_defaultlib.top_tb
Compiling module xil_defaultlib.glbl
Built simulation snapshot top_tb_behav
INFO: [USF-XSim-69] 'elaborate' step finished in '4' seconds
INFO: [USF-XSim-4] XSim::Simulate design
INFO: [USF-XSim-61] Executing 'SIMULATE' step in 'E:/project/display_2/display_1/display/display.sim/sim_1/behav/xsim'
INFO: [USF-XSim-98] *** Running xsim
   with args "top_tb_behav -key {Behavioral:sim_1:Functional:top_tb} -tclbatch {top_tb.tcl} -log {simulate.log}"
INFO: [USF-XSim-8] Loading simulator feature
Vivado Simulator 2019.2
Time resolution is 1 ps
source top_tb.tcl
# set curr_wave [current_wave_config]
# if { [string length $curr_wave] == 0 } {
#   if { [llength [get_objects]] > 0} {
#     add_wave /
#     set_property needs_save false [current_wave_config]
#   } else {
#      send_msg_id Add_Wave-1 WARNING "No top level signals found. Simulator will start without a wave window. If you want to open a wave window go to 'File->New Waveform Configuration' or type 'create_wave_config' in the TCL console."
#   }
# }
# run 1000ns
$stop called at time : 830 ns : File "E:/project/display_2/display_1/display/display.srcs/sim_1/new/display_tb.sv" Line 62
INFO: [USF-XSim-96] XSim completed. Design snapshot 'top_tb_behav' loaded.
INFO: [USF-XSim-97] XSim simulation ran for 1000ns
launch_simulation: Time (s): cpu = 00:00:04 ; elapsed = 00:00:11 . Memory (MB): peak = 2443.453 ; gain = 0.000
close_sim
INFO: [Simtcl 6-16] Simulation closed
launch_simulation
Command: launch_simulation 
INFO: [Vivado 12-5698] Checking validity of IPs in the design for the 'XSim' simulator...
INFO: [Vivado 12-5682] Launching behavioral simulation in 'E:/project/display_2/display_1/display/display.sim/sim_1/behav/xsim'
INFO: [Vivado 12-4795] Using compiled simulation libraries for IPs
INFO: [SIM-utils-51] Simulation object is 'sim_1'
INFO: [USF-XSim-7] Finding pre-compiled libraries...
INFO: [USF-XSim-11] File 'E:/Xilinx/Vivado/2019.2/data/xsim/xsim.ini' copied to run dir:'E:/project/display_2/display_1/display/display.sim/sim_1/behav/xsim'
INFO: [SIM-utils-54] Inspecting design source files for 'top_tb' in fileset 'sim_1'...
INFO: [USF-XSim-97] Finding global include files...
INFO: [USF-XSim-100] Fetching design files from 'sources_1'...(this may take a while)...
INFO: [USF-XSim-101] Fetching design files from 'sim_1'...
INFO: [USF-XSim-2] XSim::Compile design
INFO: [USF-XSim-61] Executing 'COMPILE and ANALYZE' step in 'E:/project/display_2/display_1/display/display.sim/sim_1/behav/xsim'
"xvlog --incr --relax -prj top_tb_vlog.prj"
INFO: [VRFC 10-2263] Analyzing Verilog file "E:/project/display_2/display_1/display/display.srcs/sources_1/new/define.vh" into library xil_defaultlib
INFO: [VRFC 10-2263] Analyzing Verilog file "E:/project/display_2/display_1/display/display.srcs/sources_1/ip/clk_wiz_0/clk_wiz_0_clk_wiz.v" into library xil_defaultlib
INFO: [VRFC 10-311] analyzing module clk_wiz_0_clk_wiz
INFO: [VRFC 10-2263] Analyzing Verilog file "E:/project/display_2/display_1/display/display.srcs/sources_1/ip/clk_wiz_0/clk_wiz_0.v" into library xil_defaultlib
INFO: [VRFC 10-311] analyzing module clk_wiz_0
INFO: [VRFC 10-2263] Analyzing SystemVerilog file "E:/project/display_2/display_1/display/display.srcs/sources_1/new/define.vh" into library xil_defaultlib
INFO: [VRFC 10-2263] Analyzing SystemVerilog file "E:/project/display_2/display_1/display/display.srcs/sources_1/new/inst_dec.sv" into library xil_defaultlib
INFO: [VRFC 10-311] analyzing module inst_dec
INFO: [VRFC 10-2263] Analyzing SystemVerilog file "E:/project/display_2/display_1/display/display.srcs/sources_1/new/regfile.sv" into library xil_defaultlib
INFO: [VRFC 10-311] analyzing module regfile
INFO: [VRFC 10-2263] Analyzing SystemVerilog file "E:/project/display_2/display_1/display/display.srcs/sim_1/new/display_tb.sv" into library xil_defaultlib
INFO: [VRFC 10-311] analyzing module top_tb
INFO: [VRFC 10-2458] undeclared symbol rst, assumed default net type wire [E:/project/display_2/display_1/display/display.srcs/sim_1/new/display_tb.sv:162]
INFO: [USF-XSim-69] 'compile' step finished in '3' seconds
INFO: [USF-XSim-3] XSim::Elaborate design
INFO: [USF-XSim-61] Executing 'ELABORATE' step in 'E:/project/display_2/display_1/display/display.sim/sim_1/behav/xsim'
"xelab -wto f0314a36ec034ca0a035eb88dff9bc85 --incr --debug typical --relax --mt 2 -L xil_defaultlib -L unisims_ver -L unimacro_ver -L secureip -L xpm --snapshot top_tb_behav xil_defaultlib.top_tb xil_defaultlib.glbl -log elaborate.log"
Vivado Simulator 2019.2
Copyright 1986-1999, 2001-2019 Xilinx, Inc. All Rights Reserved.
Running: E:/Xilinx/Vivado/2019.2/bin/unwrapped/win64.o/xelab.exe -wto f0314a36ec034ca0a035eb88dff9bc85 --incr --debug typical --relax --mt 2 -L xil_defaultlib -L unisims_ver -L unimacro_ver -L secureip -L xpm --snapshot top_tb_behav xil_defaultlib.top_tb xil_defaultlib.glbl -log elaborate.log 
Using 2 slave threads.
Starting static elaboration
Pass Through NonSizing Optimizer
Completed static elaboration
Starting simulation data flow analysis
WARNING: [XSIM 43-4099] "E:/project/display_2/display_1/display/display.srcs/sources_1/new/inst_dec.sv" Line 3. Module inst_dec doesn't have a timescale but at least one module in design has a timescale.
WARNING: [XSIM 43-4099] "E:/project/display_2/display_1/display/display.srcs/sources_1/new/regfile.sv" Line 2. Module regfile doesn't have a timescale but at least one module in design has a timescale.
Completed simulation data flow analysis
Time Resolution for simulation is 1ps
Compiling module xil_defaultlib.inst_dec
Compiling module xil_defaultlib.regfile
Compiling module xil_defaultlib.alu
Compiling module xil_defaultlib.seg7
Compiling module xil_defaultlib.display
Compiling module xil_defaultlib.top_tb
Compiling module xil_defaultlib.glbl
Built simulation snapshot top_tb_behav
INFO: [USF-XSim-69] 'elaborate' step finished in '4' seconds
INFO: [USF-XSim-4] XSim::Simulate design
INFO: [USF-XSim-61] Executing 'SIMULATE' step in 'E:/project/display_2/display_1/display/display.sim/sim_1/behav/xsim'
INFO: [USF-XSim-98] *** Running xsim
   with args "top_tb_behav -key {Behavioral:sim_1:Functional:top_tb} -tclbatch {top_tb.tcl} -log {simulate.log}"
INFO: [USF-XSim-8] Loading simulator feature
Vivado Simulator 2019.2
Time resolution is 1 ps
source top_tb.tcl
# set curr_wave [current_wave_config]
# if { [string length $curr_wave] == 0 } {
#   if { [llength [get_objects]] > 0} {
#     add_wave /
#     set_property needs_save false [current_wave_config]
#   } else {
#      send_msg_id Add_Wave-1 WARNING "No top level signals found. Simulator will start without a wave window. If you want to open a wave window go to 'File->New Waveform Configuration' or type 'create_wave_config' in the TCL console."
#   }
# }
# run 1000ns
xsim: Time (s): cpu = 00:00:03 ; elapsed = 00:00:05 . Memory (MB): peak = 2443.453 ; gain = 0.000
INFO: [USF-XSim-96] XSim completed. Design snapshot 'top_tb_behav' loaded.
INFO: [USF-XSim-97] XSim simulation ran for 1000ns
launch_simulation: Time (s): cpu = 00:00:03 ; elapsed = 00:00:13 . Memory (MB): peak = 2443.453 ; gain = 0.000
set_property -name {xsim.simulate.runtime} -value {200-ns} -objects [get_filesets sim_1]
set_property -name {xsim.simulate.runtime} -value {2000ns} -objects [get_filesets sim_1]
close_sim
INFO: [Simtcl 6-16] Simulation closed
launch_simulation
Command: launch_simulation 
INFO: [Vivado 12-5698] Checking validity of IPs in the design for the 'XSim' simulator...
INFO: [Vivado 12-5682] Launching behavioral simulation in 'E:/project/display_2/display_1/display/display.sim/sim_1/behav/xsim'
INFO: [Vivado 12-4795] Using compiled simulation libraries for IPs
INFO: [SIM-utils-51] Simulation object is 'sim_1'
INFO: [USF-XSim-7] Finding pre-compiled libraries...
INFO: [USF-XSim-11] File 'E:/Xilinx/Vivado/2019.2/data/xsim/xsim.ini' copied to run dir:'E:/project/display_2/display_1/display/display.sim/sim_1/behav/xsim'
INFO: [SIM-utils-54] Inspecting design source files for 'top_tb' in fileset 'sim_1'...
INFO: [USF-XSim-97] Finding global include files...
INFO: [USF-XSim-100] Fetching design files from 'sources_1'...(this may take a while)...
INFO: [USF-XSim-101] Fetching design files from 'sim_1'...
INFO: [USF-XSim-2] XSim::Compile design
INFO: [USF-XSim-61] Executing 'COMPILE and ANALYZE' step in 'E:/project/display_2/display_1/display/display.sim/sim_1/behav/xsim'
"xvlog --incr --relax -prj top_tb_vlog.prj"
INFO: [USF-XSim-69] 'compile' step finished in '3' seconds
INFO: [USF-XSim-3] XSim::Elaborate design
INFO: [USF-XSim-61] Executing 'ELABORATE' step in 'E:/project/display_2/display_1/display/display.sim/sim_1/behav/xsim'
"xelab -wto f0314a36ec034ca0a035eb88dff9bc85 --incr --debug typical --relax --mt 2 -L xil_defaultlib -L unisims_ver -L unimacro_ver -L secureip -L xpm --snapshot top_tb_behav xil_defaultlib.top_tb xil_defaultlib.glbl -log elaborate.log"
Vivado Simulator 2019.2
Copyright 1986-1999, 2001-2019 Xilinx, Inc. All Rights Reserved.
Running: E:/Xilinx/Vivado/2019.2/bin/unwrapped/win64.o/xelab.exe -wto f0314a36ec034ca0a035eb88dff9bc85 --incr --debug typical --relax --mt 2 -L xil_defaultlib -L unisims_ver -L unimacro_ver -L secureip -L xpm --snapshot top_tb_behav xil_defaultlib.top_tb xil_defaultlib.glbl -log elaborate.log 
Using 2 slave threads.
Starting static elaboration
Pass Through NonSizing Optimizer
Completed static elaboration
INFO: [XSIM 43-4323] No Change in HDL. Linking previously generated obj files to create kernel
INFO: [USF-XSim-69] 'elaborate' step finished in '3' seconds
INFO: [USF-XSim-4] XSim::Simulate design
INFO: [USF-XSim-61] Executing 'SIMULATE' step in 'E:/project/display_2/display_1/display/display.sim/sim_1/behav/xsim'
INFO: [USF-XSim-98] *** Running xsim
   with args "top_tb_behav -key {Behavioral:sim_1:Functional:top_tb} -tclbatch {top_tb.tcl} -log {simulate.log}"
INFO: [USF-XSim-8] Loading simulator feature
Vivado Simulator 2019.2
Time resolution is 1 ps
source top_tb.tcl
# set curr_wave [current_wave_config]
# if { [string length $curr_wave] == 0 } {
#   if { [llength [get_objects]] > 0} {
#     add_wave /
#     set_property needs_save false [current_wave_config]
#   } else {
#      send_msg_id Add_Wave-1 WARNING "No top level signals found. Simulator will start without a wave window. If you want to open a wave window go to 'File->New Waveform Configuration' or type 'create_wave_config' in the TCL console."
#   }
# }
# run 2000ns
$stop called at time : 1400 ns : File "E:/project/display_2/display_1/display/display.srcs/sim_1/new/display_tb.sv" Line 62
INFO: [USF-XSim-96] XSim completed. Design snapshot 'top_tb_behav' loaded.
INFO: [USF-XSim-97] XSim simulation ran for 2000ns
launch_simulation: Time (s): cpu = 00:00:04 ; elapsed = 00:00:10 . Memory (MB): peak = 2449.535 ; gain = 0.000
