#-----------------------------------------------------------
# Vivado v2019.2 (64-bit)
# SW Build 2708876 on Wed Nov  6 21:40:23 MST 2019
# IP Build 2700528 on Thu Nov  7 00:09:20 MST 2019
# Start of session at: Tue May 14 21:28:14 2024
# Process ID: 7192
# Current directory: E:/project/display_2/display_1/display
# Command line: vivado.exe -gui_launcher_event rodinguilauncherevent5628 E:\project\display_2\display_1\display\display.xpr
# Log file: E:/project/display_2/display_1/display/vivado.log
# Journal file: E:/project/display_2/display_1/display\vivado.jou
#-----------------------------------------------------------
start_gui
open_project E:/project/display_2/display_1/display/display.xpr
Scanning sources...
Finished scanning sources
INFO: [IP_Flow 19-234] Refreshing IP repositories
INFO: [IP_Flow 19-1704] No user IP repositories specified
INFO: [IP_Flow 19-2313] Loaded Vivado IP repository 'E:/Xilinx/Vivado/2019.2/data/ip'.
open_project: Time (s): cpu = 00:00:14 ; elapsed = 00:00:12 . Memory (MB): peak = 955.582 ; gain = 251.863
exit
INFO: [Common 17-206] Exiting Vivado at Tue May 14 21:52:31 2024...
