INFO: [VRFC 10-2263] Analyzing Verilog file "E:/project/Experiment_3/display/display.srcs/sources_1/ip/clk_wiz_0/clk_wiz_0_clk_wiz.v" into library xil_defaultlib
INFO: [VRFC 10-311] analyzing module clk_wiz_0_clk_wiz
INFO: [VRFC 10-2263] Analyzing Verilog file "E:/project/Experiment_3/display/display.srcs/sources_1/ip/clk_wiz_0/clk_wiz_0.v" into library xil_defaultlib
INFO: [VRFC 10-311] analyzing module clk_wiz_0
INFO: [VRFC 10-2263] Analyzing Verilog file "E:/project/Experiment_3/display/display.srcs/sources_1/ip/width8_addr14/sim/width8_addr14.v" into library xil_defaultlib
INFO: [VRFC 10-311] analyzing module width8_addr14
INFO: [VRFC 10-2263] Analyzing SystemVerilog file "E:/project/Experiment_3/display/display.srcs/sources_1/new/display.sv" into library xil_defaultlib
INFO: [VRFC 10-311] analyzing module display
INFO: [VRFC 10-2263] Analyzing SystemVerilog file "E:/project/Experiment_3/display/display.srcs/sources_1/new/seg7.sv" into library xil_defaultlib
INFO: [VRFC 10-311] analyzing module seg7
INFO: [VRFC 10-2263] Analyzing SystemVerilog file "E:/project/Experiment_3/display/display.srcs/sources_1/new/top.sv" into library xil_defaultlib
INFO: [VRFC 10-311] analyzing module top
INFO: [VRFC 10-2458] undeclared symbol res, assumed default net type wire [E:/project/Experiment_3/display/display.srcs/sources_1/new/top.sv:64]
INFO: [VRFC 10-2263] Analyzing SystemVerilog file "E:/project/Experiment_3/display/display.srcs/sources_1/new/part2_word_extension.sv" into library xil_defaultlib
INFO: [VRFC 10-311] analyzing module part2_word_extension
INFO: [VRFC 10-2263] Analyzing SystemVerilog file "E:/project/Experiment_3/display/display.srcs/sources_1/new/part3_bit_extension.sv" into library xil_defaultlib
INFO: [VRFC 10-311] analyzing module part3_bit_extension
INFO: [VRFC 10-2263] Analyzing SystemVerilog file "E:/project/Experiment_3/display/display.srcs/sim_1/new/display_tb.sv" into library xil_defaultlib
INFO: [VRFC 10-311] analyzing module part2_word_extension_tb
INFO: [VRFC 10-2263] Analyzing Verilog file "E:/project/Experiment_3/display/display.sim/sim_1/behav/xsim/glbl.v" into library xil_defaultlib
INFO: [VRFC 10-311] analyzing module glbl
